"[2024-09-06 19:07:14:569][INFO ][main][c.e.t.TestApplication.logStarting] - Starting TestApplication using Java 21.0.4 with PID 22456 (C:\Spring-boot-web-new-branch\target\classes started by User in C:\Spring-boot-web-new-branch)
""[2024-09-06 19:07:15:581][INFO ][main][c.e.t.TestApplication.logStartupProfileInfo] - No active profile set, falling back to 1 default profile: "default"
""[2024-09-06 19:07:15:1356][INFO ][main][o.s.d.r.c.RepositoryConfigurationDelegate.registerRepositoriesIn] - Bootstrapping Spring Data JPA repositories in DEFAULT mode.
""[2024-09-06 19:07:15:1429][INFO ][main][o.s.d.r.c.RepositoryConfigurationDelegate.registerRepositoriesIn] - Finished Spring Data repository scanning in 62 ms. Found 6 JPA repository interfaces.
""[2024-09-06 19:07:16:1990][INFO ][main][o.s.b.w.e.t.TomcatWebServer.initialize] - Tomcat initialized with port 8090 (http)
""[2024-09-06 19:07:16:2000][INFO ][main][o.a.c.c.StandardService.log] - Starting service [Tomcat]
""[2024-09-06 19:07:16:2000][INFO ][main][o.a.c.c.StandardEngine.log] - Starting Servlet engine: [Apache Tomcat/10.1.19]
""[2024-09-06 19:07:16:2044][INFO ][main][o.a.c.c.C.[.[.[/].log] - Initializing Spring embedded WebApplicationContext
""[2024-09-06 19:07:16:2044][INFO ][main][o.s.b.w.s.c.ServletWebServerApplicationContext.prepareWebApplicationContext] - Root WebApplicationContext: initialization completed in 1404 ms
""[2024-09-06 19:07:16:2217][INFO ][main][o.h.j.i.u.LogHelper.logPersistenceUnitInformation] - HHH000204: Processing PersistenceUnitInfo [name: default]
""[2024-09-06 19:07:16:2292][INFO ][main][o.hibernate.Version.logVersion] - HHH000412: Hibernate ORM core version 6.4.4.Final
""[2024-09-06 19:07:16:2323][INFO ][main][o.h.c.i.RegionFactoryInitiator.initiateService] - HHH000026: Second-level cache disabled
""[2024-09-06 19:07:17:2577][INFO ][main][o.s.o.j.p.SpringPersistenceUnitInfo.addTransformer] - No LoadTimeWeaver setup: ignoring JPA class transformer
""[2024-09-06 19:07:17:2596][INFO ][main][c.z.h.HikariDataSource.getConnection] - HikariPool-1 - Starting...
""[2024-09-06 19:07:17:3332][INFO ][main][c.z.h.p.HikariPool.checkFailFast] - HikariPool-1 - Added connection com.mysql.cj.jdbc.ConnectionImpl@2bc16fe2
""[2024-09-06 19:07:17:3335][INFO ][main][c.z.h.HikariDataSource.getConnection] - HikariPool-1 - Start completed.
""[2024-09-06 19:07:17:3445][WARN ][main][o.h.dialect.Dialect.checkVersion] - HHH000511: The 8.0.35 version for [org.hibernate.dialect.MariaDBDialect] is no longer supported, hence certain features may not work properly. The minimum supported version is 10.4.0. Check the community dialects project for available legacy versions.
""[2024-09-06 19:07:17:3448][WARN ][main][o.h.orm.deprecation.constructDialect] - HHH90000025: MariaDBDialect does not need to be specified explicitly using 'hibernate.dialect' (remove the property setting and it will be selected by default)
""[2024-09-06 19:07:18:4213][INFO ][main][o.h.e.t.j.p.i.JtaPlatformInitiator.initiateService] - HHH000489: No JTA platform available (set 'hibernate.transaction.jta.platform' to enable JTA platform integration)
""[2024-09-06 19:07:19:4623][INFO ][main][o.s.o.j.LocalContainerEntityManagerFactoryBean.buildNativeEntityManagerFactory] - Initialized JPA EntityManagerFactory for persistence unit 'default'
""[2024-09-06 19:07:19:5137][INFO ][main][o.s.d.j.r.q.QueryEnhancerFactory.<clinit>] - Hibernate is in classpath; If applicable, HQL parser will be used.
""[2024-09-06 19:07:20:5614][WARN ][main][o.s.b.a.o.j.JpaBaseConfiguration$JpaWebConfiguration.openEntityManagerInViewInterceptor] - spring.jpa.open-in-view is enabled by default. Therefore, database queries may be performed during view rendering. Explicitly configure spring.jpa.open-in-view to disable this warning
""[2024-09-06 19:07:20:5967][INFO ][main][o.s.b.w.e.t.TomcatWebServer.start] - Tomcat started on port 8090 (http) with context path ''
""[2024-09-06 19:07:20:5979][INFO ][main][c.e.t.TestApplication.logStarted] - Started TestApplication in 5.791 seconds (process running for 10.928)
""[2024-09-06 19:07:33:18747][INFO ][http-nio-8090-exec-2][o.a.c.c.C.[.[.[/].log] - Initializing Spring DispatcherServlet 'dispatcherServlet'
""[2024-09-06 19:07:33:18747][INFO ][http-nio-8090-exec-2][o.s.w.s.DispatcherServlet.initServletBean] - Initializing Servlet 'dispatcherServlet'
""[2024-09-06 19:07:33:18749][INFO ][http-nio-8090-exec-2][o.s.w.s.DispatcherServlet.initServletBean] - Completed initialization in 1 ms
""[2024-09-06 19:07:33:18774][INFO ][http-nio-8090-exec-2][c.e.t.u.UserInterceptor.preHandle] - preHandler().....
""[2024-09-06 19:07:33:18787][INFO ][http-nio-8090-exec-2][c.e.t.u.UserInterceptor.preHandle] - sPath:/
""[2024-09-06 19:07:33:18788][INFO ][http-nio-8090-exec-2][c.e.t.u.UserInterceptor.preHandle] - username:null
""[2024-09-06 19:07:33:18804][INFO ][http-nio-8090-exec-2][c.e.t.HomeController.home] - /home...
""[2024-09-06 19:07:33:18805][INFO ][http-nio-8090-exec-2][c.e.t.HomeController.home] - null
""[2024-09-06 19:07:33:18809][INFO ][http-nio-8090-exec-2][c.e.t.u.UserInterceptor.postHandle] - postHandle()....
""[2024-09-06 19:07:33:19252][INFO ][http-nio-8090-exec-4][c.e.t.u.UserInterceptor.preHandle] - preHandler().....
""[2024-09-06 19:07:33:19252][INFO ][http-nio-8090-exec-1][c.e.t.u.UserInterceptor.preHandle] - preHandler().....
""[2024-09-06 19:07:33:19252][INFO ][http-nio-8090-exec-3][c.e.t.u.UserInterceptor.preHandle] - preHandler().....
""[2024-09-06 19:07:33:19252][INFO ][http-nio-8090-exec-1][c.e.t.u.UserInterceptor.preHandle] - sPath:/css/main.css
""[2024-09-06 19:07:33:19252][INFO ][http-nio-8090-exec-4][c.e.t.u.UserInterceptor.preHandle] - sPath:/images/home_icon.png
""[2024-09-06 19:07:33:19253][INFO ][http-nio-8090-exec-1][c.e.t.u.UserInterceptor.preHandle] - username:null
""[2024-09-06 19:07:33:19253][INFO ][http-nio-8090-exec-3][c.e.t.u.UserInterceptor.preHandle] - sPath:/images/home_main.png
""[2024-09-06 19:07:33:19253][INFO ][http-nio-8090-exec-4][c.e.t.u.UserInterceptor.preHandle] - username:null
""[2024-09-06 19:07:33:19253][INFO ][http-nio-8090-exec-3][c.e.t.u.UserInterceptor.preHandle] - username:null
""[2024-09-06 19:07:33:19264][INFO ][http-nio-8090-exec-1][c.e.t.u.UserInterceptor.postHandle] - postHandle()....
""[2024-09-06 19:07:33:19264][INFO ][http-nio-8090-exec-4][c.e.t.u.UserInterceptor.postHandle] - postHandle()....
""[2024-09-06 19:07:33:19270][INFO ][http-nio-8090-exec-5][c.e.t.u.UserInterceptor.preHandle] - preHandler().....
""[2024-09-06 19:07:33:19271][INFO ][http-nio-8090-exec-5][c.e.t.u.UserInterceptor.preHandle] - sPath:/images/login_icon.png
""[2024-09-06 19:07:33:19271][INFO ][http-nio-8090-exec-5][c.e.t.u.UserInterceptor.preHandle] - username:null
""[2024-09-06 19:07:33:19272][INFO ][http-nio-8090-exec-3][c.e.t.u.UserInterceptor.postHandle] - postHandle()....
""[2024-09-06 19:07:33:19275][INFO ][http-nio-8090-exec-5][c.e.t.u.UserInterceptor.postHandle] - postHandle()....
""[2024-09-06 19:07:33:19275][INFO ][http-nio-8090-exec-6][c.e.t.u.UserInterceptor.preHandle] - preHandler().....
""[2024-09-06 19:07:33:19275][INFO ][http-nio-8090-exec-6][c.e.t.u.UserInterceptor.preHandle] - sPath:/images/mypage_icon.png
""[2024-09-06 19:07:33:19275][INFO ][http-nio-8090-exec-6][c.e.t.u.UserInterceptor.preHandle] - username:null
""[2024-09-06 19:07:33:19278][INFO ][http-nio-8090-exec-7][c.e.t.u.UserInterceptor.preHandle] - preHandler().....
""[2024-09-06 19:07:33:19278][INFO ][http-nio-8090-exec-7][c.e.t.u.UserInterceptor.preHandle] - sPath:/images/meeting_icon2.png
""[2024-09-06 19:07:33:19278][INFO ][http-nio-8090-exec-7][c.e.t.u.UserInterceptor.preHandle] - username:null
""[2024-09-06 19:07:33:19280][INFO ][http-nio-8090-exec-6][c.e.t.u.UserInterceptor.postHandle] - postHandle()....
""[2024-09-06 19:07:33:19282][INFO ][http-nio-8090-exec-7][c.e.t.u.UserInterceptor.postHandle] - postHandle()....
""[2024-09-06 19:07:34:19992][INFO ][http-nio-8090-exec-8][c.e.t.u.UserInterceptor.preHandle] - preHandler().....
""[2024-09-06 19:07:34:19992][INFO ][http-nio-8090-exec-8][c.e.t.u.UserInterceptor.preHandle] - sPath:/favicon.ico
""[2024-09-06 19:07:34:19992][INFO ][http-nio-8090-exec-8][c.e.t.u.UserInterceptor.preHandle] - username:null
""[2024-09-06 19:07:34:20011][INFO ][http-nio-8090-exec-8][c.e.t.u.UserInterceptor.preHandle] - preHandler().....
""[2024-09-06 19:07:34:20012][INFO ][http-nio-8090-exec-8][c.e.t.u.UserInterceptor.preHandle] - sPath:/error
""[2024-09-06 19:07:34:20013][INFO ][http-nio-8090-exec-8][c.e.t.u.UserInterceptor.preHandle] - username:null
""[2024-09-06 19:07:34:20154][INFO ][http-nio-8090-exec-8][c.e.t.u.UserInterceptor.postHandle] - postHandle()....
""[2024-09-06 19:07:38:23734][INFO ][http-nio-8090-exec-9][c.e.t.u.UserController.login] - 로그인페이지
""[2024-09-06 19:07:38:23755][WARN ][http-nio-8090-exec-9][o.t.s.p.AbstractStandardFragmentInsertionTagProcessor.computeFragment] - [THYMELEAF][http-nio-8090-exec-9][thymeleaf/user/th_login] Deprecated unwrapped fragment expression "thymeleaf/th_top_menu :: test_top_menu" found in template thymeleaf/user/th_login, line 38, col 6. Please use the complete syntax of fragment expressions instead ("~{thymeleaf/th_top_menu :: test_top_menu}"). The old, unwrapped syntax for fragment expressions will be removed in future versions of Thymeleaf.
""[2024-09-06 19:07:38:23788][INFO ][http-nio-8090-exec-10][c.e.t.u.UserInterceptor.preHandle] - preHandler().....
""[2024-09-06 19:07:38:23788][INFO ][http-nio-8090-exec-10][c.e.t.u.UserInterceptor.preHandle] - sPath:/images/title.png
""[2024-09-06 19:07:38:23788][INFO ][http-nio-8090-exec-10][c.e.t.u.UserInterceptor.preHandle] - username:null
""[2024-09-06 19:07:38:23793][INFO ][http-nio-8090-exec-10][c.e.t.u.UserInterceptor.postHandle] - postHandle()....
""[2024-09-06 19:07:45:31029][INFO ][http-nio-8090-exec-2][c.e.t.u.UserInterceptor.preHandle] - preHandler().....
""[2024-09-06 19:07:45:31029][INFO ][http-nio-8090-exec-2][c.e.t.u.UserInterceptor.preHandle] - sPath:/user/loginOK
""[2024-09-06 19:07:45:31029][INFO ][http-nio-8090-exec-2][c.e.t.u.UserInterceptor.preHandle] - username:null
""[2024-09-06 19:07:45:31080][INFO ][http-nio-8090-exec-2][c.e.t.u.UserController.loginOK] - 로그인 확인
""[2024-09-06 19:07:45:31080][INFO ][http-nio-8090-exec-2][c.e.t.u.UserController.loginOK] - vo:UserDTO(num=0, realname=null, username=ajdskfhah12345, nickname=null, pw=asd123, kakaoID=null, age=null, gender=null, school=null, tel=null, introduce=null, form=null, save_name=null, file_path=null, job=null, region=null, military=null, tall=null, department=null, smoking=null, major=null, regdate=null)
""[2024-09-06 19:07:45:31209][DEBUG][http-nio-8090-exec-2][org.hibernate.SQL.logStatement] - 
    select
        ud1_0.num,
        ud1_0.age,
        ud1_0.department,
        ud1_0.file_path,
        ud1_0.form,
        ud1_0.gender,
        ud1_0.introduce,
        ud1_0.job,
        ud1_0.kakaoid,
        ud1_0.major,
        ud1_0.military,
        ud1_0.nickname,
        ud1_0.pw,
        ud1_0.realname,
        ud1_0.regdate,
        ud1_0.region,
        ud1_0.save_name,
        ud1_0.school,
        ud1_0.smoking,
        ud1_0.tall,
        ud1_0.tel,
        ud1_0.username 
    from
        users ud1_0 
    where
        ud1_0.username=?
""[2024-09-06 19:07:45:31352][INFO ][http-nio-8090-exec-2][c.e.t.u.UserInterceptor.postHandle] - postHandle()....
""[2024-09-06 19:07:45:31360][INFO ][http-nio-8090-exec-4][c.e.t.u.UserInterceptor.preHandle] - preHandler().....
""[2024-09-06 19:07:45:31360][INFO ][http-nio-8090-exec-4][c.e.t.u.UserInterceptor.preHandle] - sPath:/
""[2024-09-06 19:07:45:31360][INFO ][http-nio-8090-exec-4][c.e.t.u.UserInterceptor.preHandle] - username:ajdskfhah12345
""[2024-09-06 19:07:45:31361][INFO ][http-nio-8090-exec-4][c.e.t.HomeController.home] - /home...
""[2024-09-06 19:07:45:31361][INFO ][http-nio-8090-exec-4][c.e.t.HomeController.home] - ajdskfhah12345
""[2024-09-06 19:07:45:31361][INFO ][http-nio-8090-exec-4][c.e.t.u.UserInterceptor.postHandle] - postHandle()....
""[2024-09-06 19:07:45:31383][INFO ][http-nio-8090-exec-1][c.e.t.u.UserInterceptor.preHandle] - preHandler().....
""[2024-09-06 19:07:45:31383][INFO ][http-nio-8090-exec-1][c.e.t.u.UserInterceptor.preHandle] - sPath:/images/logout_icon.png
""[2024-09-06 19:07:45:31383][INFO ][http-nio-8090-exec-1][c.e.t.u.UserInterceptor.preHandle] - username:ajdskfhah12345
""[2024-09-06 19:07:45:31388][INFO ][http-nio-8090-exec-1][c.e.t.u.UserInterceptor.postHandle] - postHandle()....
""[2024-09-06 19:07:47:32972][INFO ][http-nio-8090-exec-3][c.e.t.u.UserInterceptor.preHandle] - preHandler().....
""[2024-09-06 19:07:47:32972][INFO ][http-nio-8090-exec-3][c.e.t.u.UserInterceptor.preHandle] - sPath:/menu
""[2024-09-06 19:07:47:32972][INFO ][http-nio-8090-exec-3][c.e.t.u.UserInterceptor.preHandle] - username:ajdskfhah12345
""[2024-09-06 19:07:47:32974][INFO ][http-nio-8090-exec-3][c.e.t.u.UserInterceptor.postHandle] - postHandle()....
""[2024-09-06 19:07:47:32978][WARN ][http-nio-8090-exec-3][o.t.s.p.AbstractStandardFragmentInsertionTagProcessor.computeFragment] - [THYMELEAF][http-nio-8090-exec-3][thymeleaf/menu] Deprecated unwrapped fragment expression "thymeleaf/th_top_menu :: test_top_menu" found in template thymeleaf/menu, line 36, col 10. Please use the complete syntax of fragment expressions instead ("~{thymeleaf/th_top_menu :: test_top_menu}"). The old, unwrapped syntax for fragment expressions will be removed in future versions of Thymeleaf.
""[2024-09-06 19:07:50:36241][INFO ][http-nio-8090-exec-5][c.e.t.u.UserInterceptor.preHandle] - preHandler().....
""[2024-09-06 19:07:50:36241][INFO ][http-nio-8090-exec-5][c.e.t.u.UserInterceptor.preHandle] - sPath:/meeting/selectAll
""[2024-09-06 19:07:50:36241][INFO ][http-nio-8090-exec-5][c.e.t.u.UserInterceptor.preHandle] - username:ajdskfhah12345
""[2024-09-06 19:07:50:36242][INFO ][http-nio-8090-exec-5][c.e.t.m.MeetingController.selectOne] - /selectAll...
""[2024-09-06 19:07:50:36348][DEBUG][http-nio-8090-exec-5][org.hibernate.SQL.logStatement] - 
    select
        md1_0.num,
        md1_0.average,
        md1_0.department,
        md1_0.introduce,
        md1_0.job,
        md1_0.many,
        md1_0.mood,
        md1_0.organizer_nickname,
        md1_0.organizer_num,
        md1_0.regdate,
        md1_0.region,
        md1_0.school 
    from
        meetings md1_0
""[2024-09-06 19:07:50:36431][INFO ][http-nio-8090-exec-5][c.e.t.u.UserInterceptor.postHandle] - postHandle()....
""[2024-09-06 19:08:01:47369][INFO ][http-nio-8090-exec-6][c.e.t.u.UserInterceptor.preHandle] - preHandler().....
""[2024-09-06 19:08:01:47369][INFO ][http-nio-8090-exec-6][c.e.t.u.UserInterceptor.preHandle] - sPath:/meeting/selectAll
""[2024-09-06 19:08:01:47370][INFO ][http-nio-8090-exec-6][c.e.t.u.UserInterceptor.preHandle] - username:ajdskfhah12345
""[2024-09-06 19:08:01:47370][INFO ][http-nio-8090-exec-6][c.e.t.m.MeetingController.selectOne] - /selectAll...
""[2024-09-06 19:08:01:47410][DEBUG][http-nio-8090-exec-6][org.hibernate.SQL.logStatement] - 
    select
        md1_0.num,
        md1_0.average,
        md1_0.department,
        md1_0.introduce,
        md1_0.job,
        md1_0.many,
        md1_0.mood,
        md1_0.organizer_nickname,
        md1_0.organizer_num,
        md1_0.regdate,
        md1_0.region,
        md1_0.school 
    from
        meetings md1_0
""[2024-09-06 19:08:01:47518][INFO ][http-nio-8090-exec-6][c.e.t.u.UserInterceptor.postHandle] - postHandle()....
""[2024-09-06 19:08:11:56998][INFO ][http-nio-8090-exec-7][c.e.t.u.UserInterceptor.preHandle] - preHandler().....
""[2024-09-06 19:08:11:56998][INFO ][http-nio-8090-exec-7][c.e.t.u.UserInterceptor.preHandle] - sPath:/meeting/insert
""[2024-09-06 19:08:11:56998][INFO ][http-nio-8090-exec-7][c.e.t.u.UserInterceptor.preHandle] - username:ajdskfhah12345
""[2024-09-06 19:08:11:57000][INFO ][http-nio-8090-exec-7][c.e.t.m.MeetingController.insert] - /register...
""[2024-09-06 19:08:11:57004][DEBUG][http-nio-8090-exec-7][org.hibernate.SQL.logStatement] - 
    select
        ud1_0.num,
        ud1_0.age,
        ud1_0.department,
        ud1_0.file_path,
        ud1_0.form,
        ud1_0.gender,
        ud1_0.introduce,
        ud1_0.job,
        ud1_0.kakaoid,
        ud1_0.major,
        ud1_0.military,
        ud1_0.nickname,
        ud1_0.pw,
        ud1_0.realname,
        ud1_0.regdate,
        ud1_0.region,
        ud1_0.save_name,
        ud1_0.school,
        ud1_0.smoking,
        ud1_0.tall,
        ud1_0.tel,
        ud1_0.username 
    from
        users ud1_0 
    where
        ud1_0.num=?
""[2024-09-06 19:08:11:57035][INFO ][http-nio-8090-exec-7][c.e.t.u.UserInterceptor.postHandle] - postHandle()....
""[2024-09-06 19:08:11:57040][WARN ][http-nio-8090-exec-7][o.t.s.p.AbstractStandardFragmentInsertionTagProcessor.computeFragment] - [THYMELEAF][http-nio-8090-exec-7][thymeleaf/meeting/insert] Deprecated unwrapped fragment expression "thymeleaf/th_top_menu :: test_top_menu" found in template thymeleaf/meeting/insert, line 46, col 6. Please use the complete syntax of fragment expressions instead ("~{thymeleaf/th_top_menu :: test_top_menu}"). The old, unwrapped syntax for fragment expressions will be removed in future versions of Thymeleaf.
""[2024-09-06 19:08:16:61969][INFO ][http-nio-8090-exec-8][c.e.t.u.UserInterceptor.preHandle] - preHandler().....
""[2024-09-06 19:08:16:61970][INFO ][http-nio-8090-exec-8][c.e.t.u.UserInterceptor.preHandle] - sPath:/meeting/selectAll
""[2024-09-06 19:08:16:61970][INFO ][http-nio-8090-exec-8][c.e.t.u.UserInterceptor.preHandle] - username:ajdskfhah12345
""[2024-09-06 19:08:16:61971][INFO ][http-nio-8090-exec-8][c.e.t.m.MeetingController.selectOne] - /selectAll...
""[2024-09-06 19:08:16:62011][DEBUG][http-nio-8090-exec-8][org.hibernate.SQL.logStatement] - 
    select
        md1_0.num,
        md1_0.average,
        md1_0.department,
        md1_0.introduce,
        md1_0.job,
        md1_0.many,
        md1_0.mood,
        md1_0.organizer_nickname,
        md1_0.organizer_num,
        md1_0.regdate,
        md1_0.region,
        md1_0.school 
    from
        meetings md1_0
""[2024-09-06 19:08:16:62066][INFO ][http-nio-8090-exec-8][c.e.t.u.UserInterceptor.postHandle] - postHandle()....
""[2024-09-06 19:08:43:88630][INFO ][http-nio-8090-exec-2][c.e.t.u.UserInterceptor.preHandle] - preHandler().....
""[2024-09-06 19:08:43:88630][INFO ][http-nio-8090-exec-2][c.e.t.u.UserInterceptor.preHandle] - sPath:/meeting/selectAll
""[2024-09-06 19:08:43:88631][INFO ][http-nio-8090-exec-2][c.e.t.u.UserInterceptor.preHandle] - username:ajdskfhah12345
""[2024-09-06 19:08:43:88631][INFO ][http-nio-8090-exec-2][c.e.t.m.MeetingController.selectOne] - /selectAll...
""[2024-09-06 19:08:43:88672][DEBUG][http-nio-8090-exec-2][org.hibernate.SQL.logStatement] - 
    select
        md1_0.num,
        md1_0.average,
        md1_0.department,
        md1_0.introduce,
        md1_0.job,
        md1_0.many,
        md1_0.mood,
        md1_0.organizer_nickname,
        md1_0.organizer_num,
        md1_0.regdate,
        md1_0.region,
        md1_0.school 
    from
        meetings md1_0
""[2024-09-06 19:08:43:88724][INFO ][http-nio-8090-exec-2][c.e.t.u.UserInterceptor.postHandle] - postHandle()....
""[2024-09-06 19:09:10:116514][INFO ][http-nio-8090-exec-4][c.e.t.u.UserInterceptor.preHandle] - preHandler().....
""[2024-09-06 19:09:10:116514][INFO ][http-nio-8090-exec-4][c.e.t.u.UserInterceptor.preHandle] - sPath:/meeting/m_selectOne
""[2024-09-06 19:09:10:116514][INFO ][http-nio-8090-exec-4][c.e.t.u.UserInterceptor.preHandle] - username:ajdskfhah12345
""[2024-09-06 19:09:10:116518][INFO ][http-nio-8090-exec-4][c.e.t.u.UserInterceptor.preHandle] - preHandler().....
""[2024-09-06 19:09:10:116518][INFO ][http-nio-8090-exec-4][c.e.t.u.UserInterceptor.preHandle] - sPath:/error
""[2024-09-06 19:09:10:116518][INFO ][http-nio-8090-exec-4][c.e.t.u.UserInterceptor.preHandle] - username:ajdskfhah12345
""[2024-09-06 19:09:10:116525][INFO ][http-nio-8090-exec-4][c.e.t.u.UserInterceptor.postHandle] - postHandle()....
""[2024-09-06 19:09:14:119792][INFO ][http-nio-8090-exec-1][c.e.t.u.UserInterceptor.preHandle] - preHandler().....
""[2024-09-06 19:09:14:119792][INFO ][http-nio-8090-exec-1][c.e.t.u.UserInterceptor.preHandle] - sPath:/meeting/selectAll
""[2024-09-06 19:09:14:119793][INFO ][http-nio-8090-exec-1][c.e.t.u.UserInterceptor.preHandle] - username:ajdskfhah12345
""[2024-09-06 19:09:14:119793][INFO ][http-nio-8090-exec-1][c.e.t.m.MeetingController.selectOne] - /selectAll...
""[2024-09-06 19:09:14:119831][DEBUG][http-nio-8090-exec-1][org.hibernate.SQL.logStatement] - 
    select
        md1_0.num,
        md1_0.average,
        md1_0.department,
        md1_0.introduce,
        md1_0.job,
        md1_0.many,
        md1_0.mood,
        md1_0.organizer_nickname,
        md1_0.organizer_num,
        md1_0.regdate,
        md1_0.region,
        md1_0.school 
    from
        meetings md1_0
""[2024-09-06 19:09:14:119889][INFO ][http-nio-8090-exec-1][c.e.t.u.UserInterceptor.postHandle] - postHandle()....
""[2024-09-06 19:09:17:123170][INFO ][http-nio-8090-exec-3][c.e.t.u.UserInterceptor.preHandle] - preHandler().....
""[2024-09-06 19:09:17:123171][INFO ][http-nio-8090-exec-3][c.e.t.u.UserInterceptor.preHandle] - sPath:/date
""[2024-09-06 19:09:17:123171][INFO ][http-nio-8090-exec-3][c.e.t.u.UserInterceptor.preHandle] - username:ajdskfhah12345
""[2024-09-06 19:09:17:123172][INFO ][http-nio-8090-exec-3][c.e.t.d.DateController.date] - /Date...
""[2024-09-06 19:09:17:123172][INFO ][http-nio-8090-exec-3][c.e.t.d.DateController.date] - username:ajdskfhah12345, gender:여
""[2024-09-06 19:09:17:123173][INFO ][http-nio-8090-exec-3][c.e.t.d.DateService.selectRandomTwo] - selectRandomTwo...
""[2024-09-06 19:09:17:123222][DEBUG][http-nio-8090-exec-3][org.hibernate.SQL.logStatement] - 
    select
        ud1_0.num,
        ud1_0.age,
        ud1_0.department,
        ud1_0.file_path,
        ud1_0.form,
        ud1_0.gender,
        ud1_0.introduce,
        ud1_0.job,
        ud1_0.kakaoid,
        ud1_0.major,
        ud1_0.military,
        ud1_0.nickname,
        ud1_0.pw,
        ud1_0.realname,
        ud1_0.regdate,
        ud1_0.region,
        ud1_0.save_name,
        ud1_0.school,
        ud1_0.smoking,
        ud1_0.tall,
        ud1_0.tel,
        ud1_0.username 
    from
        users ud1_0
""[2024-09-06 19:09:17:123319][INFO ][http-nio-8090-exec-3][c.e.t.d.DateService.selectRandomTwo] - allUsers: [UserDTO(num=1, realname=최세준, username=ajdskfhah1212, nickname=, pw=$2a$10$uuANpJrhcAq4AnTLPKsd7eiireXOA28axOtiV/nl3zW2l1VWJQepa, kakaoID=asd123, age=27, gender=남, school=한서대학교, tel=010-0000-0000, introduce=안녕하세요, form=마른, save_name=84e82842-dc1a-45f8-bf59-d2b7c2f632db.png, file_path=/uploadimg/84e82842-dc1a-45f8-bf59-d2b7c2f632db.png, job=null, region=null, military=null, tall=null, department=null, smoking=null, major=null, regdate=2024-07-30 21:16:24.334), UserDTO(num=2, realname=김민지, username=ajdskfhah12345, nickname=가나다, pw=$2a$10$UeNLDnBaVvF1YRFQLsDqzeS4XiYr8JCGNWw7owdHFTzUSxh7cUmIC, kakaoID=asd1234, age=22, gender=여, school=한국여자대학교, tel=010-0000-0000, introduce=안녕하세요2, form=마른, save_name=4c0e4f98-1a11-4ba9-9a8b-d1b4c73126e5.png, file_path=null, job=null, region=null, military=null, tall=null, department=null, smoking=null, major=null, regdate=2024-07-30 12:32:16.63), UserDTO(num=3, realname=이수진, username=ajdskfhah123, nickname=, pw=$2a$10$a9NefeY5g/klVu6dYfFioeIOBE43tnSvjOeNskn66hBKbGIEJZdHi, kakaoID=asd12, age=21, gender=여, school=여자대학교, tel=010-0000-0000, introduce=안녕하세요1323, form=통통, save_name=a2bbe7f3-0a32-4ace-9342-594011328158.png, file_path=/uploadimg/a2bbe7f3-0a32-4ace-9342-594011328158.png, job=null, region=null, military=null, tall=null, department=null, smoking=null, major=null, regdate=2024-07-30 12:55:11.42), UserDTO(num=4, realname=이일웅, username=dlfdnddldi, nickname=test용, pw=$2a$10$PPT7jggEDXkTG8mBIx2OjOFIuboni7fXN9H/LfVyprSENYVNElBXi, kakaoID=d, age=2222, gender=남, school=2, tel=2, introduce=222, form=보통, save_name=8e5f35cb-026c-4127-a2f3-93300a98a3f0.jpg, file_path=/uploadimg/8e5f35cb-026c-4127-a2f3-93300a98a3f0.jpg, job=대학생, region=서울, military=군필, tall=160이하, department=상경, smoking=비흡연, major=null, regdate=2024-08-07 15:24:44.229), UserDTO(num=5, realname=test1234, username=test1234, nickname=test1234, pw=$2a$10$S.fiEIXl9/Sz76dbBuqQnO8niH0uU8Ne526YhSSbYGfzFANfj/iuG, kakaoID=test1234, age=29, gender=여, school=test1234, tel=010-1111-2222, introduce=test1234, form=마른, save_name=c8ae744d-46f8-447c-825c-ef202b6c1577.png, file_path=/uploadimg/c8ae744d-46f8-447c-825c-ef202b6c1577.png, job=test1234, region=test1234, military=null, tall=null, department=test1234, smoking=null, major=null, regdate=2024-08-11 11:07:17.502), UserDTO(num=6, realname=test123, username=test123, nickname=test123, pw=$2a$10$YtF7ZhRp83c0HFV6VXDaHepISwLH3vAdapCMYLree9vH6t2BROl4K, kakaoID=test123, age=20, gender=여, school=test123, tel=010-5171-1184, introduce=test123, form=마른, save_name=ea67a26f-4c08-47b3-893f-34a817724037.png, file_path=/uploadimg/ea67a26f-4c08-47b3-893f-34a817724037.png, job=test123, region=test123, military=null, tall=null, department=test123, smoking=null, major=null, regdate=2024-08-13 12:54:30.48), UserDTO(num=7, realname=이일웅2, username=kk12, nickname=., pw=$2a$10$3os95jrHmNj.Tuk0DTcO8OW52fISgGtmJG5zCISQz1uGnqv7QqnLa, kakaoID=., age=22, gender=여, school=., tel=., introduce=., form=통통, save_name=null, file_path=null, job=., region=., military=null, tall=null, department=., smoking=null, major=null, regdate=2024-08-13 13:44:26.144), UserDTO(num=8, realname=이도도, username=TEST33, nickname=EE, pw=$2a$10$9wS.sxRWWQ5ysSHuGX.fA.7hn8vk9N3DVz7f.n.2lpkEo7ccEJe76, kakaoID=EEE, age=22, gender=여, school=고려대, tel=01023242525, introduce=ㄹㄹ, form=보통, save_name=null, file_path=null, job=ㅇㅇ, region=ㅇㅇㅇ, military=null, tall=null, department=ㅇㅇ, smoking=null, major=null, regdate=2024-08-13 15:14:04.736), UserDTO(num=9, realname=이수현, username=dlst33, nickname=t나연2, pw=$2a$10$mC0pw2Xl9a2US2REMqTUQ.pNbdqMHsTr6cFdbhL2e3fy350y8Gm5G, kakaoID=egsg, age=22, gender=여, school=gr, tel=01045352525, introduce=ㄹㄹㄹ, form=보통, save_name=null, file_path=null, job=ㄹㄹ, region=ㄹㄹ, military=null, tall=null, department=ㄹ, smoking=null, major=null, regdate=2024-08-13 15:15:16.341), UserDTO(num=10, realname=테스트, username=test_id, nickname=test, pw=$2a$10$6b8rHuj3KJh8sDsDKVb6feqnrHgZ4j8Kokj.KVTE2P97ukzm3Iwzm, kakaoID=test, age=30, gender=남, school=test, tel=00011112222, introduce=, form=null, save_name=null, file_path=null, job=, region=, military=null, tall=null, department=, smoking=null, major=null, regdate=2024-08-26 16:33:28.831), UserDTO(num=11, realname=테스트99, username=test99, nickname=., pw=$2a$10$G9FtAzMDCE5ErEdAGO.cquyCppLwskJH7dtrQ6fxOnKuim8kokH.6, kakaoID=., age=22, gender=여, school=., tel=., introduce=., form=보통, save_name=null, file_path=null, job=., region=., military=null, tall=null, department=., smoking=null, major=null, regdate=2024-09-02 05:32:02.518), UserDTO(num=12, realname=이달콤, username=Pilot08222, nickname=돌돌이, pw=$2a$10$r6GEyPM7CYk07mmo6Yn34eDuicEp7LF0zVuAbPERtvqd3Kc09Aamu, kakaoID=., age=22, gender=여, school=ㅇ, tel=01022223333, introduce=., form=보통, save_name=1d6c2c06-9937-443c-bc83-80b0d20f7138.jpeg, file_path=/uploadimg/1d6c2c06-9937-443c-bc83-80b0d20f7138.jpeg, job=., region=., military=null, tall=null, department=., smoking=null, major=null, regdate=2024-09-03 16:34:30.647), UserDTO(num=13, realname=이달달, username=Dkst33, nickname=달달이, pw=$2a$10$Jsbm5QXLZnvmwr7HfjoC4eFeJpCZebJJXa.BmCyxmyMv1N/m53xjG, kakaoID=., age=22, gender=여, school=.., tel=01033337777, introduce=., form=보통, save_name=4f30c277-fadc-4095-9463-5545a35fc776.jpeg, file_path=/uploadimg/4f30c277-fadc-4095-9463-5545a35fc776.jpeg, job=., region=., military=null, tall=null, department=., smoking=null, major=null, regdate=2024-09-03 16:36:49.686), UserDTO(num=14, realname=test, username=test, nickname=test, pw=$2a$10$MRpvpLYwGQYGxBZXtYz4wedsQu7nM3/7JgBWQbNF2hC/eDSV8VyiK, kakaoID=test, age=25, gender=남, school=대학교, tel=00011112222, introduce=, form=null, save_name=null, file_path=null, job=, region=, military=null, tall=null, department=, smoking=null, major=null, regdate=2024-09-03 16:38:17.519), UserDTO(num=15, realname=이다로, username=Test111, nickname=Dd, pw=$2a$10$jx9L5itOHDH/Uvtxktu6t.gChX/7eQvCV93vuzOyeatUtCCDgwZZq, kakaoID=Dd, age=22, gender=남, school=가라, tel=01028373833, introduce=., form=보통, save_name=null, file_path=null, job=., region=., military=null, tall=null, department=., smoking=null, major=null, regdate=2024-09-03 16:38:55.779)]
""[2024-09-06 19:09:17:123325][INFO ][http-nio-8090-exec-3][c.e.t.d.DateController.date] - vos :[UserDTO(num=14, realname=test, username=test, nickname=test, pw=$2a$10$MRpvpLYwGQYGxBZXtYz4wedsQu7nM3/7JgBWQbNF2hC/eDSV8VyiK, kakaoID=test, age=25, gender=남, school=대학교, tel=00011112222, introduce=, form=null, save_name=null, file_path=null, job=, region=, military=null, tall=null, department=, smoking=null, major=null, regdate=2024-09-03 16:38:17.519), UserDTO(num=1, realname=최세준, username=ajdskfhah1212, nickname=, pw=$2a$10$uuANpJrhcAq4AnTLPKsd7eiireXOA28axOtiV/nl3zW2l1VWJQepa, kakaoID=asd123, age=27, gender=남, school=한서대학교, tel=010-0000-0000, introduce=안녕하세요, form=마른, save_name=84e82842-dc1a-45f8-bf59-d2b7c2f632db.png, file_path=/uploadimg/84e82842-dc1a-45f8-bf59-d2b7c2f632db.png, job=null, region=null, military=null, tall=null, department=null, smoking=null, major=null, regdate=2024-07-30 21:16:24.334)]
""[2024-09-06 19:09:17:123326][INFO ][http-nio-8090-exec-3][c.e.t.u.UserInterceptor.postHandle] - postHandle()....
""[2024-09-06 19:09:17:123330][WARN ][http-nio-8090-exec-3][o.t.s.p.AbstractStandardFragmentInsertionTagProcessor.computeFragment] - [THYMELEAF][http-nio-8090-exec-3][thymeleaf/date/select] Deprecated unwrapped fragment expression "thymeleaf/th_top_menu :: test_top_menu" found in template thymeleaf/date/select, line 37, col 7. Please use the complete syntax of fragment expressions instead ("~{thymeleaf/th_top_menu :: test_top_menu}"). The old, unwrapped syntax for fragment expressions will be removed in future versions of Thymeleaf.
""[2024-09-06 19:09:17:123352][INFO ][http-nio-8090-exec-5][c.e.t.u.UserInterceptor.preHandle] - preHandler().....
""[2024-09-06 19:09:17:123352][INFO ][http-nio-8090-exec-6][c.e.t.u.UserInterceptor.preHandle] - preHandler().....
""[2024-09-06 19:09:17:123352][INFO ][http-nio-8090-exec-5][c.e.t.u.UserInterceptor.preHandle] - sPath:/files/null
""[2024-09-06 19:09:17:123352][INFO ][http-nio-8090-exec-6][c.e.t.u.UserInterceptor.preHandle] - sPath:/files/84e82842-dc1a-45f8-bf59-d2b7c2f632db.png
""[2024-09-06 19:09:17:123352][INFO ][http-nio-8090-exec-5][c.e.t.u.UserInterceptor.preHandle] - username:ajdskfhah12345
""[2024-09-06 19:09:17:123352][INFO ][http-nio-8090-exec-6][c.e.t.u.UserInterceptor.preHandle] - username:ajdskfhah12345
""[2024-09-06 19:09:17:123356][INFO ][http-nio-8090-exec-5][c.e.t.u.UserInterceptor.preHandle] - preHandler().....
""[2024-09-06 19:09:17:123356][INFO ][http-nio-8090-exec-5][c.e.t.u.UserInterceptor.preHandle] - sPath:/error
""[2024-09-06 19:09:17:123356][INFO ][http-nio-8090-exec-5][c.e.t.u.UserInterceptor.preHandle] - username:ajdskfhah12345
""[2024-09-06 19:09:17:123357][INFO ][http-nio-8090-exec-6][c.e.t.u.UserInterceptor.postHandle] - postHandle()....
""[2024-09-06 19:09:17:123357][INFO ][http-nio-8090-exec-5][c.e.t.u.UserInterceptor.postHandle] - postHandle()....
""[2024-09-06 19:09:20:125725][INFO ][http-nio-8090-exec-7][c.e.t.u.UserInterceptor.preHandle] - preHandler().....
""[2024-09-06 19:09:20:125725][INFO ][http-nio-8090-exec-7][c.e.t.u.UserInterceptor.preHandle] - sPath:/meeting/selectAll
""[2024-09-06 19:09:20:125725][INFO ][http-nio-8090-exec-7][c.e.t.u.UserInterceptor.preHandle] - username:ajdskfhah12345
""[2024-09-06 19:09:20:125726][INFO ][http-nio-8090-exec-7][c.e.t.m.MeetingController.selectOne] - /selectAll...
""[2024-09-06 19:09:20:125764][DEBUG][http-nio-8090-exec-7][org.hibernate.SQL.logStatement] - 
    select
        md1_0.num,
        md1_0.average,
        md1_0.department,
        md1_0.introduce,
        md1_0.job,
        md1_0.many,
        md1_0.mood,
        md1_0.organizer_nickname,
        md1_0.organizer_num,
        md1_0.regdate,
        md1_0.region,
        md1_0.school 
    from
        meetings md1_0
""[2024-09-06 19:09:20:125829][INFO ][http-nio-8090-exec-7][c.e.t.u.UserInterceptor.postHandle] - postHandle()....
""[2024-09-06 19:09:42:148170][INFO ][http-nio-8090-exec-8][c.e.t.u.UserInterceptor.preHandle] - preHandler().....
""[2024-09-06 19:09:42:148170][INFO ][http-nio-8090-exec-8][c.e.t.u.UserInterceptor.preHandle] - sPath:/
""[2024-09-06 19:09:42:148170][INFO ][http-nio-8090-exec-8][c.e.t.u.UserInterceptor.preHandle] - username:ajdskfhah12345
""[2024-09-06 19:09:42:148170][INFO ][http-nio-8090-exec-8][c.e.t.HomeController.home] - /home...
""[2024-09-06 19:09:42:148171][INFO ][http-nio-8090-exec-8][c.e.t.HomeController.home] - ajdskfhah12345
""[2024-09-06 19:09:42:148171][INFO ][http-nio-8090-exec-8][c.e.t.u.UserInterceptor.postHandle] - postHandle()....
""[2024-09-06 19:13:32:377600][INFO ][http-nio-8090-exec-2][c.e.t.u.UserInterceptor.preHandle] - preHandler().....
""[2024-09-06 19:13:32:377601][INFO ][http-nio-8090-exec-2][c.e.t.u.UserInterceptor.preHandle] - sPath:/user/info
""[2024-09-06 19:13:32:377601][INFO ][http-nio-8090-exec-2][c.e.t.u.UserInterceptor.preHandle] - username:ajdskfhah12345
""[2024-09-06 19:13:32:377602][INFO ][http-nio-8090-exec-2][c.e.t.u.UserController.selectOne] - 회원정보페이지
""[2024-09-06 19:13:32:377602][INFO ][http-nio-8090-exec-2][c.e.t.u.UserController.selectOne] - savename:4c0e4f98-1a11-4ba9-9a8b-d1b4c73126e5.png
""[2024-09-06 19:13:32:377602][INFO ][http-nio-8090-exec-2][c.e.t.u.UserInterceptor.postHandle] - postHandle()....
""[2024-09-06 19:13:32:377616][WARN ][http-nio-8090-exec-2][o.t.s.p.AbstractStandardFragmentInsertionTagProcessor.computeFragment] - [THYMELEAF][http-nio-8090-exec-2][thymeleaf/user/th_selectOne] Deprecated unwrapped fragment expression "thymeleaf/th_top_menu :: test_top_menu" found in template thymeleaf/user/th_selectOne, line 35, col 7. Please use the complete syntax of fragment expressions instead ("~{thymeleaf/th_top_menu :: test_top_menu}"). The old, unwrapped syntax for fragment expressions will be removed in future versions of Thymeleaf.
""[2024-09-06 19:13:32:377634][INFO ][http-nio-8090-exec-4][c.e.t.u.UserInterceptor.preHandle] - preHandler().....
""[2024-09-06 19:13:32:377634][INFO ][http-nio-8090-exec-4][c.e.t.u.UserInterceptor.preHandle] - sPath:/files/4c0e4f98-1a11-4ba9-9a8b-d1b4c73126e5.png
""[2024-09-06 19:13:32:377634][INFO ][http-nio-8090-exec-1][c.e.t.u.UserInterceptor.preHandle] - preHandler().....
""[2024-09-06 19:13:32:377634][INFO ][http-nio-8090-exec-1][c.e.t.u.UserInterceptor.preHandle] - sPath:/images/my_card5.png
""[2024-09-06 19:13:32:377634][INFO ][http-nio-8090-exec-4][c.e.t.u.UserInterceptor.preHandle] - username:ajdskfhah12345
""[2024-09-06 19:13:32:377634][INFO ][http-nio-8090-exec-1][c.e.t.u.UserInterceptor.preHandle] - username:ajdskfhah12345
""[2024-09-06 19:13:32:377636][INFO ][http-nio-8090-exec-4][c.e.t.u.UserInterceptor.preHandle] - preHandler().....
""[2024-09-06 19:13:32:377636][INFO ][http-nio-8090-exec-4][c.e.t.u.UserInterceptor.preHandle] - sPath:/error
""[2024-09-06 19:13:32:377637][INFO ][http-nio-8090-exec-4][c.e.t.u.UserInterceptor.preHandle] - username:ajdskfhah12345
""[2024-09-06 19:13:32:377638][INFO ][http-nio-8090-exec-1][c.e.t.u.UserInterceptor.postHandle] - postHandle()....
""[2024-09-06 19:13:32:377639][INFO ][http-nio-8090-exec-4][c.e.t.u.UserInterceptor.postHandle] - postHandle()....
""[2024-09-06 19:13:34:379775][INFO ][http-nio-8090-exec-3][c.e.t.u.UserInterceptor.preHandle] - preHandler().....
""[2024-09-06 19:13:34:379775][INFO ][http-nio-8090-exec-3][c.e.t.u.UserInterceptor.preHandle] - sPath:/meeting/insert
""[2024-09-06 19:13:34:379775][INFO ][http-nio-8090-exec-3][c.e.t.u.UserInterceptor.preHandle] - username:ajdskfhah12345
""[2024-09-06 19:13:34:379776][INFO ][http-nio-8090-exec-3][c.e.t.m.MeetingController.insert] - /register...
""[2024-09-06 19:13:34:379778][DEBUG][http-nio-8090-exec-3][org.hibernate.SQL.logStatement] - 
    select
        ud1_0.num,
        ud1_0.age,
        ud1_0.department,
        ud1_0.file_path,
        ud1_0.form,
        ud1_0.gender,
        ud1_0.introduce,
        ud1_0.job,
        ud1_0.kakaoid,
        ud1_0.major,
        ud1_0.military,
        ud1_0.nickname,
        ud1_0.pw,
        ud1_0.realname,
        ud1_0.regdate,
        ud1_0.region,
        ud1_0.save_name,
        ud1_0.school,
        ud1_0.smoking,
        ud1_0.tall,
        ud1_0.tel,
        ud1_0.username 
    from
        users ud1_0 
    where
        ud1_0.num=?
""[2024-09-06 19:13:34:379803][INFO ][http-nio-8090-exec-3][c.e.t.u.UserInterceptor.postHandle] - postHandle()....
""[2024-09-06 19:13:34:379805][WARN ][http-nio-8090-exec-3][o.t.s.p.AbstractStandardFragmentInsertionTagProcessor.computeFragment] - [THYMELEAF][http-nio-8090-exec-3][thymeleaf/meeting/insert] Deprecated unwrapped fragment expression "thymeleaf/th_top_menu :: test_top_menu" found in template thymeleaf/meeting/insert, line 46, col 6. Please use the complete syntax of fragment expressions instead ("~{thymeleaf/th_top_menu :: test_top_menu}"). The old, unwrapped syntax for fragment expressions will be removed in future versions of Thymeleaf.
""[2024-09-06 19:13:35:381248][INFO ][http-nio-8090-exec-6][c.e.t.u.UserInterceptor.preHandle] - preHandler().....
""[2024-09-06 19:13:35:381249][INFO ][http-nio-8090-exec-6][c.e.t.u.UserInterceptor.preHandle] - sPath:/meeting/selectAll
""[2024-09-06 19:13:35:381249][INFO ][http-nio-8090-exec-6][c.e.t.u.UserInterceptor.preHandle] - username:ajdskfhah12345
""[2024-09-06 19:13:35:381249][INFO ][http-nio-8090-exec-6][c.e.t.m.MeetingController.selectOne] - /selectAll...
""[2024-09-06 19:13:35:381288][DEBUG][http-nio-8090-exec-6][org.hibernate.SQL.logStatement] - 
    select
        md1_0.num,
        md1_0.average,
        md1_0.department,
        md1_0.introduce,
        md1_0.job,
        md1_0.many,
        md1_0.mood,
        md1_0.organizer_nickname,
        md1_0.organizer_num,
        md1_0.regdate,
        md1_0.region,
        md1_0.school 
    from
        meetings md1_0
""[2024-09-06 19:13:35:381342][INFO ][http-nio-8090-exec-6][c.e.t.u.UserInterceptor.postHandle] - postHandle()....
""[2024-09-06 19:13:37:382686][INFO ][http-nio-8090-exec-5][c.e.t.u.UserInterceptor.preHandle] - preHandler().....
""[2024-09-06 19:13:37:382686][INFO ][http-nio-8090-exec-5][c.e.t.u.UserInterceptor.preHandle] - sPath:/date
""[2024-09-06 19:13:37:382686][INFO ][http-nio-8090-exec-5][c.e.t.u.UserInterceptor.preHandle] - username:ajdskfhah12345
""[2024-09-06 19:13:37:382686][INFO ][http-nio-8090-exec-5][c.e.t.d.DateController.date] - /Date...
""[2024-09-06 19:13:37:382686][INFO ][http-nio-8090-exec-5][c.e.t.d.DateController.date] - username:ajdskfhah12345, gender:여
""[2024-09-06 19:13:37:382686][INFO ][http-nio-8090-exec-5][c.e.t.d.DateController.date] - vos :[UserDTO(num=14, realname=test, username=test, nickname=test, pw=$2a$10$MRpvpLYwGQYGxBZXtYz4wedsQu7nM3/7JgBWQbNF2hC/eDSV8VyiK, kakaoID=test, age=25, gender=남, school=대학교, tel=00011112222, introduce=, form=null, save_name=null, file_path=null, job=, region=, military=null, tall=null, department=, smoking=null, major=null, regdate=2024-09-03 16:38:17.519), UserDTO(num=1, realname=최세준, username=ajdskfhah1212, nickname=, pw=$2a$10$uuANpJrhcAq4AnTLPKsd7eiireXOA28axOtiV/nl3zW2l1VWJQepa, kakaoID=asd123, age=27, gender=남, school=한서대학교, tel=010-0000-0000, introduce=안녕하세요, form=마른, save_name=84e82842-dc1a-45f8-bf59-d2b7c2f632db.png, file_path=/uploadimg/84e82842-dc1a-45f8-bf59-d2b7c2f632db.png, job=null, region=null, military=null, tall=null, department=null, smoking=null, major=null, regdate=2024-07-30 21:16:24.334)]
""[2024-09-06 19:13:37:382686][INFO ][http-nio-8090-exec-5][c.e.t.u.UserInterceptor.postHandle] - postHandle()....
""[2024-09-06 19:13:37:382687][WARN ][http-nio-8090-exec-5][o.t.s.p.AbstractStandardFragmentInsertionTagProcessor.computeFragment] - [THYMELEAF][http-nio-8090-exec-5][thymeleaf/date/select] Deprecated unwrapped fragment expression "thymeleaf/th_top_menu :: test_top_menu" found in template thymeleaf/date/select, line 37, col 7. Please use the complete syntax of fragment expressions instead ("~{thymeleaf/th_top_menu :: test_top_menu}"). The old, unwrapped syntax for fragment expressions will be removed in future versions of Thymeleaf.
""[2024-09-06 19:13:37:382708][INFO ][http-nio-8090-exec-7][c.e.t.u.UserInterceptor.preHandle] - preHandler().....
""[2024-09-06 19:13:37:382708][INFO ][http-nio-8090-exec-7][c.e.t.u.UserInterceptor.preHandle] - sPath:/files/null
""[2024-09-06 19:13:37:382708][INFO ][http-nio-8090-exec-7][c.e.t.u.UserInterceptor.preHandle] - username:ajdskfhah12345
""[2024-09-06 19:13:37:382710][INFO ][http-nio-8090-exec-7][c.e.t.u.UserInterceptor.preHandle] - preHandler().....
""[2024-09-06 19:13:37:382710][INFO ][http-nio-8090-exec-7][c.e.t.u.UserInterceptor.preHandle] - sPath:/error
""[2024-09-06 19:13:37:382710][INFO ][http-nio-8090-exec-7][c.e.t.u.UserInterceptor.preHandle] - username:ajdskfhah12345
""[2024-09-06 19:13:37:382712][INFO ][http-nio-8090-exec-7][c.e.t.u.UserInterceptor.postHandle] - postHandle()....
""[2024-09-06 19:15:45:510961][INFO ][http-nio-8090-exec-10][c.e.t.u.UserInterceptor.preHandle] - preHandler().....
""[2024-09-06 19:15:45:510962][INFO ][http-nio-8090-exec-10][c.e.t.u.UserInterceptor.preHandle] - sPath:/menu
""[2024-09-06 19:15:45:510962][INFO ][http-nio-8090-exec-10][c.e.t.u.UserInterceptor.preHandle] - username:ajdskfhah12345
""[2024-09-06 19:15:45:510962][INFO ][http-nio-8090-exec-10][c.e.t.u.UserInterceptor.postHandle] - postHandle()....
""[2024-09-06 19:15:45:510963][WARN ][http-nio-8090-exec-10][o.t.s.p.AbstractStandardFragmentInsertionTagProcessor.computeFragment] - [THYMELEAF][http-nio-8090-exec-10][thymeleaf/menu] Deprecated unwrapped fragment expression "thymeleaf/th_top_menu :: test_top_menu" found in template thymeleaf/menu, line 36, col 10. Please use the complete syntax of fragment expressions instead ("~{thymeleaf/th_top_menu :: test_top_menu}"). The old, unwrapped syntax for fragment expressions will be removed in future versions of Thymeleaf.
""[2024-09-06 19:15:47:512668][INFO ][http-nio-8090-exec-2][c.e.t.u.UserInterceptor.preHandle] - preHandler().....
""[2024-09-06 19:15:47:512668][INFO ][http-nio-8090-exec-2][c.e.t.u.UserInterceptor.preHandle] - sPath:/
""[2024-09-06 19:15:47:512668][INFO ][http-nio-8090-exec-2][c.e.t.u.UserInterceptor.preHandle] - username:ajdskfhah12345
""[2024-09-06 19:15:47:512668][INFO ][http-nio-8090-exec-2][c.e.t.HomeController.home] - /home...
""[2024-09-06 19:15:47:512668][INFO ][http-nio-8090-exec-2][c.e.t.HomeController.home] - ajdskfhah12345
""[2024-09-06 19:15:47:512669][INFO ][http-nio-8090-exec-2][c.e.t.u.UserInterceptor.postHandle] - postHandle()....
""[2024-09-06 19:15:50:516317][INFO ][http-nio-8090-exec-1][c.e.t.u.UserInterceptor.preHandle] - preHandler().....
""[2024-09-06 19:15:50:516318][INFO ][http-nio-8090-exec-1][c.e.t.u.UserInterceptor.preHandle] - sPath:/user
""[2024-09-06 19:15:50:516318][INFO ][http-nio-8090-exec-1][c.e.t.u.UserInterceptor.preHandle] - username:ajdskfhah12345
""[2024-09-06 19:15:50:516319][INFO ][http-nio-8090-exec-1][c.e.t.u.UserController.user] - 내 정보
""[2024-09-06 19:15:50:516319][INFO ][http-nio-8090-exec-1][c.e.t.u.UserInterceptor.postHandle] - postHandle()....
""[2024-09-06 19:15:50:516323][WARN ][http-nio-8090-exec-1][o.t.s.p.AbstractStandardFragmentInsertionTagProcessor.computeFragment] - [THYMELEAF][http-nio-8090-exec-1][thymeleaf/user/th_user] Deprecated unwrapped fragment expression "thymeleaf/th_top_menu :: test_top_menu" found in template thymeleaf/user/th_user, line 36, col 10. Please use the complete syntax of fragment expressions instead ("~{thymeleaf/th_top_menu :: test_top_menu}"). The old, unwrapped syntax for fragment expressions will be removed in future versions of Thymeleaf.
""[2024-09-06 19:15:52:518041][INFO ][http-nio-8090-exec-4][c.e.t.u.UserInterceptor.preHandle] - preHandler().....
""[2024-09-06 19:15:52:518042][INFO ][http-nio-8090-exec-4][c.e.t.u.UserInterceptor.preHandle] - sPath:/user/logout
""[2024-09-06 19:15:52:518042][INFO ][http-nio-8090-exec-4][c.e.t.u.UserInterceptor.preHandle] - username:ajdskfhah12345
""[2024-09-06 19:15:52:518043][INFO ][http-nio-8090-exec-4][c.e.t.u.UserController.logout] - 로그인 확인
""[2024-09-06 19:15:52:518043][INFO ][http-nio-8090-exec-4][c.e.t.u.UserInterceptor.postHandle] - postHandle()....
""[2024-09-06 19:15:52:518047][INFO ][http-nio-8090-exec-3][c.e.t.u.UserInterceptor.preHandle] - preHandler().....
""[2024-09-06 19:15:52:518047][INFO ][http-nio-8090-exec-3][c.e.t.u.UserInterceptor.preHandle] - sPath:/
""[2024-09-06 19:15:52:518047][INFO ][http-nio-8090-exec-3][c.e.t.u.UserInterceptor.preHandle] - username:null
""[2024-09-06 19:15:52:518047][INFO ][http-nio-8090-exec-3][c.e.t.HomeController.home] - /home...
""[2024-09-06 19:15:52:518047][INFO ][http-nio-8090-exec-3][c.e.t.HomeController.home] - null
""[2024-09-06 19:15:52:518048][INFO ][http-nio-8090-exec-3][c.e.t.u.UserInterceptor.postHandle] - postHandle()....
""[2024-09-06 19:15:53:519322][INFO ][http-nio-8090-exec-6][c.e.t.u.UserController.login] - 로그인페이지
""[2024-09-06 19:15:53:519324][WARN ][http-nio-8090-exec-6][o.t.s.p.AbstractStandardFragmentInsertionTagProcessor.computeFragment] - [THYMELEAF][http-nio-8090-exec-6][thymeleaf/user/th_login] Deprecated unwrapped fragment expression "thymeleaf/th_top_menu :: test_top_menu" found in template thymeleaf/user/th_login, line 38, col 6. Please use the complete syntax of fragment expressions instead ("~{thymeleaf/th_top_menu :: test_top_menu}"). The old, unwrapped syntax for fragment expressions will be removed in future versions of Thymeleaf.
""[2024-09-06 19:15:57:522840][INFO ][http-nio-8090-exec-5][c.e.t.u.UserInterceptor.preHandle] - preHandler().....
""[2024-09-06 19:15:57:522840][INFO ][http-nio-8090-exec-5][c.e.t.u.UserInterceptor.preHandle] - sPath:/user/loginOK
""[2024-09-06 19:15:57:522840][INFO ][http-nio-8090-exec-5][c.e.t.u.UserInterceptor.preHandle] - username:null
""[2024-09-06 19:15:57:522842][INFO ][http-nio-8090-exec-5][c.e.t.u.UserController.loginOK] - 로그인 확인
""[2024-09-06 19:15:57:522842][INFO ][http-nio-8090-exec-5][c.e.t.u.UserController.loginOK] - vo:UserDTO(num=0, realname=null, username=ajdskfhah12345, nickname=null, pw=asd123, kakaoID=null, age=null, gender=null, school=null, tel=null, introduce=null, form=null, save_name=null, file_path=null, job=null, region=null, military=null, tall=null, department=null, smoking=null, major=null, regdate=null)
""[2024-09-06 19:15:57:522844][DEBUG][http-nio-8090-exec-5][org.hibernate.SQL.logStatement] - 
    select
        ud1_0.num,
        ud1_0.age,
        ud1_0.department,
        ud1_0.file_path,
        ud1_0.form,
        ud1_0.gender,
        ud1_0.introduce,
        ud1_0.job,
        ud1_0.kakaoid,
        ud1_0.major,
        ud1_0.military,
        ud1_0.nickname,
        ud1_0.pw,
        ud1_0.realname,
        ud1_0.regdate,
        ud1_0.region,
        ud1_0.save_name,
        ud1_0.school,
        ud1_0.smoking,
        ud1_0.tall,
        ud1_0.tel,
        ud1_0.username 
    from
        users ud1_0 
    where
        ud1_0.username=?
""[2024-09-06 19:15:57:522922][INFO ][http-nio-8090-exec-5][c.e.t.u.UserInterceptor.postHandle] - postHandle()....
""[2024-09-06 19:15:57:522926][INFO ][http-nio-8090-exec-7][c.e.t.u.UserInterceptor.preHandle] - preHandler().....
""[2024-09-06 19:15:57:522926][INFO ][http-nio-8090-exec-7][c.e.t.u.UserInterceptor.preHandle] - sPath:/
""[2024-09-06 19:15:57:522926][INFO ][http-nio-8090-exec-7][c.e.t.u.UserInterceptor.preHandle] - username:ajdskfhah12345
""[2024-09-06 19:15:57:522926][INFO ][http-nio-8090-exec-7][c.e.t.HomeController.home] - /home...
""[2024-09-06 19:15:57:522926][INFO ][http-nio-8090-exec-7][c.e.t.HomeController.home] - ajdskfhah12345
""[2024-09-06 19:15:57:522926][INFO ][http-nio-8090-exec-7][c.e.t.u.UserInterceptor.postHandle] - postHandle()....
""[2024-09-06 19:15:58:524143][INFO ][http-nio-8090-exec-8][c.e.t.u.UserInterceptor.preHandle] - preHandler().....
""[2024-09-06 19:15:58:524144][INFO ][http-nio-8090-exec-8][c.e.t.u.UserInterceptor.preHandle] - sPath:/user
""[2024-09-06 19:15:58:524144][INFO ][http-nio-8090-exec-8][c.e.t.u.UserInterceptor.preHandle] - username:ajdskfhah12345
""[2024-09-06 19:15:58:524145][INFO ][http-nio-8090-exec-8][c.e.t.u.UserController.user] - 내 정보
""[2024-09-06 19:15:58:524145][INFO ][http-nio-8090-exec-8][c.e.t.u.UserInterceptor.postHandle] - postHandle()....
""[2024-09-06 19:15:58:524147][WARN ][http-nio-8090-exec-8][o.t.s.p.AbstractStandardFragmentInsertionTagProcessor.computeFragment] - [THYMELEAF][http-nio-8090-exec-8][thymeleaf/user/th_user] Deprecated unwrapped fragment expression "thymeleaf/th_top_menu :: test_top_menu" found in template thymeleaf/user/th_user, line 36, col 10. Please use the complete syntax of fragment expressions instead ("~{thymeleaf/th_top_menu :: test_top_menu}"). The old, unwrapped syntax for fragment expressions will be removed in future versions of Thymeleaf.
""[2024-09-06 19:16:00:526508][INFO ][http-nio-8090-exec-9][c.e.t.u.UserInterceptor.preHandle] - preHandler().....
""[2024-09-06 19:16:00:526508][INFO ][http-nio-8090-exec-9][c.e.t.u.UserInterceptor.preHandle] - sPath:/menu
""[2024-09-06 19:16:00:526508][INFO ][http-nio-8090-exec-9][c.e.t.u.UserInterceptor.preHandle] - username:ajdskfhah12345
""[2024-09-06 19:16:00:526509][INFO ][http-nio-8090-exec-9][c.e.t.u.UserInterceptor.postHandle] - postHandle()....
""[2024-09-06 19:16:00:526510][WARN ][http-nio-8090-exec-9][o.t.s.p.AbstractStandardFragmentInsertionTagProcessor.computeFragment] - [THYMELEAF][http-nio-8090-exec-9][thymeleaf/menu] Deprecated unwrapped fragment expression "thymeleaf/th_top_menu :: test_top_menu" found in template thymeleaf/menu, line 36, col 10. Please use the complete syntax of fragment expressions instead ("~{thymeleaf/th_top_menu :: test_top_menu}"). The old, unwrapped syntax for fragment expressions will be removed in future versions of Thymeleaf.
""[2024-09-06 19:16:02:527721][INFO ][http-nio-8090-exec-10][c.e.t.u.UserInterceptor.preHandle] - preHandler().....
""[2024-09-06 19:16:02:527721][INFO ][http-nio-8090-exec-10][c.e.t.u.UserInterceptor.preHandle] - sPath:/meeting/selectAll
""[2024-09-06 19:16:02:527721][INFO ][http-nio-8090-exec-10][c.e.t.u.UserInterceptor.preHandle] - username:ajdskfhah12345
""[2024-09-06 19:16:02:527722][INFO ][http-nio-8090-exec-10][c.e.t.m.MeetingController.selectOne] - /selectAll...
""[2024-09-06 19:16:02:527762][DEBUG][http-nio-8090-exec-10][org.hibernate.SQL.logStatement] - 
    select
        md1_0.num,
        md1_0.average,
        md1_0.department,
        md1_0.introduce,
        md1_0.job,
        md1_0.many,
        md1_0.mood,
        md1_0.organizer_nickname,
        md1_0.organizer_num,
        md1_0.regdate,
        md1_0.region,
        md1_0.school 
    from
        meetings md1_0
""[2024-09-06 19:16:02:527819][INFO ][http-nio-8090-exec-10][c.e.t.u.UserInterceptor.postHandle] - postHandle()....
""[2024-09-06 19:16:08:533862][INFO ][http-nio-8090-exec-2][c.e.t.u.UserInterceptor.preHandle] - preHandler().....
""[2024-09-06 19:16:08:533863][INFO ][http-nio-8090-exec-2][c.e.t.u.UserInterceptor.preHandle] - sPath:/date
""[2024-09-06 19:16:08:533863][INFO ][http-nio-8090-exec-2][c.e.t.u.UserInterceptor.preHandle] - username:ajdskfhah12345
""[2024-09-06 19:16:08:533863][INFO ][http-nio-8090-exec-2][c.e.t.d.DateController.date] - /Date...
""[2024-09-06 19:16:08:533863][INFO ][http-nio-8090-exec-2][c.e.t.d.DateController.date] - username:ajdskfhah12345, gender:여
""[2024-09-06 19:16:08:533864][INFO ][http-nio-8090-exec-2][c.e.t.d.DateController.date] - vos :[UserDTO(num=14, realname=test, username=test, nickname=test, pw=$2a$10$MRpvpLYwGQYGxBZXtYz4wedsQu7nM3/7JgBWQbNF2hC/eDSV8VyiK, kakaoID=test, age=25, gender=남, school=대학교, tel=00011112222, introduce=, form=null, save_name=null, file_path=null, job=, region=, military=null, tall=null, department=, smoking=null, major=null, regdate=2024-09-03 16:38:17.519), UserDTO(num=1, realname=최세준, username=ajdskfhah1212, nickname=, pw=$2a$10$uuANpJrhcAq4AnTLPKsd7eiireXOA28axOtiV/nl3zW2l1VWJQepa, kakaoID=asd123, age=27, gender=남, school=한서대학교, tel=010-0000-0000, introduce=안녕하세요, form=마른, save_name=84e82842-dc1a-45f8-bf59-d2b7c2f632db.png, file_path=/uploadimg/84e82842-dc1a-45f8-bf59-d2b7c2f632db.png, job=null, region=null, military=null, tall=null, department=null, smoking=null, major=null, regdate=2024-07-30 21:16:24.334)]
""[2024-09-06 19:16:08:533864][INFO ][http-nio-8090-exec-2][c.e.t.u.UserInterceptor.postHandle] - postHandle()....
""[2024-09-06 19:16:08:533866][WARN ][http-nio-8090-exec-2][o.t.s.p.AbstractStandardFragmentInsertionTagProcessor.computeFragment] - [THYMELEAF][http-nio-8090-exec-2][thymeleaf/date/select] Deprecated unwrapped fragment expression "thymeleaf/th_top_menu :: test_top_menu" found in template thymeleaf/date/select, line 37, col 7. Please use the complete syntax of fragment expressions instead ("~{thymeleaf/th_top_menu :: test_top_menu}"). The old, unwrapped syntax for fragment expressions will be removed in future versions of Thymeleaf.
""[2024-09-06 19:16:08:533883][INFO ][http-nio-8090-exec-1][c.e.t.u.UserInterceptor.preHandle] - preHandler().....
""[2024-09-06 19:16:08:533883][INFO ][http-nio-8090-exec-1][c.e.t.u.UserInterceptor.preHandle] - sPath:/files/null
""[2024-09-06 19:16:08:533884][INFO ][http-nio-8090-exec-1][c.e.t.u.UserInterceptor.preHandle] - username:ajdskfhah12345
""[2024-09-06 19:16:08:533885][INFO ][http-nio-8090-exec-1][c.e.t.u.UserInterceptor.preHandle] - preHandler().....
""[2024-09-06 19:16:08:533886][INFO ][http-nio-8090-exec-1][c.e.t.u.UserInterceptor.preHandle] - sPath:/error
""[2024-09-06 19:16:08:533886][INFO ][http-nio-8090-exec-1][c.e.t.u.UserInterceptor.preHandle] - username:ajdskfhah12345
""[2024-09-06 19:16:08:533888][INFO ][http-nio-8090-exec-1][c.e.t.u.UserInterceptor.postHandle] - postHandle()....
""[2024-09-06 19:16:09:535148][INFO ][http-nio-8090-exec-4][c.e.t.u.UserInterceptor.preHandle] - preHandler().....
""[2024-09-06 19:16:09:535149][INFO ][http-nio-8090-exec-4][c.e.t.u.UserInterceptor.preHandle] - sPath:/date/register
""[2024-09-06 19:16:09:535149][INFO ][http-nio-8090-exec-4][c.e.t.u.UserInterceptor.preHandle] - username:ajdskfhah12345
""[2024-09-06 19:16:09:535151][INFO ][http-nio-8090-exec-4][c.e.t.d.DateController.register] - /register...
""[2024-09-06 19:16:09:535153][DEBUG][http-nio-8090-exec-4][org.hibernate.SQL.logStatement] - 
    select
        ud1_0.num,
        ud1_0.age,
        ud1_0.department,
        ud1_0.file_path,
        ud1_0.form,
        ud1_0.gender,
        ud1_0.introduce,
        ud1_0.job,
        ud1_0.kakaoid,
        ud1_0.major,
        ud1_0.military,
        ud1_0.nickname,
        ud1_0.pw,
        ud1_0.realname,
        ud1_0.regdate,
        ud1_0.region,
        ud1_0.save_name,
        ud1_0.school,
        ud1_0.smoking,
        ud1_0.tall,
        ud1_0.tel,
        ud1_0.username 
    from
        users ud1_0 
    where
        ud1_0.num=?
""[2024-09-06 19:16:09:535179][INFO ][http-nio-8090-exec-4][c.e.t.u.UserInterceptor.postHandle] - postHandle()....
""[2024-09-06 19:16:09:535183][WARN ][http-nio-8090-exec-4][o.t.s.p.AbstractStandardFragmentInsertionTagProcessor.computeFragment] - [THYMELEAF][http-nio-8090-exec-4][thymeleaf/date/register] Deprecated unwrapped fragment expression "thymeleaf/th_top_menu :: test_top_menu" found in template thymeleaf/date/register, line 20, col 10. Please use the complete syntax of fragment expressions instead ("~{thymeleaf/th_top_menu :: test_top_menu}"). The old, unwrapped syntax for fragment expressions will be removed in future versions of Thymeleaf.
""[2024-09-06 19:16:12:538272][INFO ][http-nio-8090-exec-3][c.e.t.u.UserInterceptor.preHandle] - preHandler().....
""[2024-09-06 19:16:12:538272][INFO ][http-nio-8090-exec-3][c.e.t.u.UserInterceptor.preHandle] - sPath:/date/register
""[2024-09-06 19:16:12:538273][INFO ][http-nio-8090-exec-3][c.e.t.u.UserInterceptor.preHandle] - username:ajdskfhah12345
""[2024-09-06 19:16:12:538273][INFO ][http-nio-8090-exec-3][c.e.t.d.DateController.register] - /register...
""[2024-09-06 19:16:12:538276][DEBUG][http-nio-8090-exec-3][org.hibernate.SQL.logStatement] - 
    select
        ud1_0.num,
        ud1_0.age,
        ud1_0.department,
        ud1_0.file_path,
        ud1_0.form,
        ud1_0.gender,
        ud1_0.introduce,
        ud1_0.job,
        ud1_0.kakaoid,
        ud1_0.major,
        ud1_0.military,
        ud1_0.nickname,
        ud1_0.pw,
        ud1_0.realname,
        ud1_0.regdate,
        ud1_0.region,
        ud1_0.save_name,
        ud1_0.school,
        ud1_0.smoking,
        ud1_0.tall,
        ud1_0.tel,
        ud1_0.username 
    from
        users ud1_0 
    where
        ud1_0.num=?
""[2024-09-06 19:16:12:538304][INFO ][http-nio-8090-exec-3][c.e.t.u.UserInterceptor.postHandle] - postHandle()....
""[2024-09-06 19:16:12:538307][WARN ][http-nio-8090-exec-3][o.t.s.p.AbstractStandardFragmentInsertionTagProcessor.computeFragment] - [THYMELEAF][http-nio-8090-exec-3][thymeleaf/date/register] Deprecated unwrapped fragment expression "thymeleaf/th_top_menu :: test_top_menu" found in template thymeleaf/date/register, line 20, col 10. Please use the complete syntax of fragment expressions instead ("~{thymeleaf/th_top_menu :: test_top_menu}"). The old, unwrapped syntax for fragment expressions will be removed in future versions of Thymeleaf.
""[2024-09-06 19:16:16:541812][INFO ][http-nio-8090-exec-6][c.e.t.u.UserInterceptor.preHandle] - preHandler().....
""[2024-09-06 19:16:16:541812][INFO ][http-nio-8090-exec-6][c.e.t.u.UserInterceptor.preHandle] - sPath:/date/register
""[2024-09-06 19:16:16:541812][INFO ][http-nio-8090-exec-6][c.e.t.u.UserInterceptor.preHandle] - username:ajdskfhah12345
""[2024-09-06 19:16:16:541812][INFO ][http-nio-8090-exec-6][c.e.t.d.DateController.register] - /register...
""[2024-09-06 19:16:16:541815][DEBUG][http-nio-8090-exec-6][org.hibernate.SQL.logStatement] - 
    select
        ud1_0.num,
        ud1_0.age,
        ud1_0.department,
        ud1_0.file_path,
        ud1_0.form,
        ud1_0.gender,
        ud1_0.introduce,
        ud1_0.job,
        ud1_0.kakaoid,
        ud1_0.major,
        ud1_0.military,
        ud1_0.nickname,
        ud1_0.pw,
        ud1_0.realname,
        ud1_0.regdate,
        ud1_0.region,
        ud1_0.save_name,
        ud1_0.school,
        ud1_0.smoking,
        ud1_0.tall,
        ud1_0.tel,
        ud1_0.username 
    from
        users ud1_0 
    where
        ud1_0.num=?
""[2024-09-06 19:16:16:541842][INFO ][http-nio-8090-exec-6][c.e.t.u.UserInterceptor.postHandle] - postHandle()....
""[2024-09-06 19:16:16:541844][WARN ][http-nio-8090-exec-6][o.t.s.p.AbstractStandardFragmentInsertionTagProcessor.computeFragment] - [THYMELEAF][http-nio-8090-exec-6][thymeleaf/date/register] Deprecated unwrapped fragment expression "thymeleaf/th_top_menu :: test_top_menu" found in template thymeleaf/date/register, line 20, col 10. Please use the complete syntax of fragment expressions instead ("~{thymeleaf/th_top_menu :: test_top_menu}"). The old, unwrapped syntax for fragment expressions will be removed in future versions of Thymeleaf.
""[2024-09-06 19:16:27:553510][INFO ][http-nio-8090-exec-5][c.e.t.u.UserInterceptor.preHandle] - preHandler().....
""[2024-09-06 19:16:27:553510][INFO ][http-nio-8090-exec-5][c.e.t.u.UserInterceptor.preHandle] - sPath:/date/register
""[2024-09-06 19:16:27:553510][INFO ][http-nio-8090-exec-5][c.e.t.u.UserInterceptor.preHandle] - username:ajdskfhah12345
""[2024-09-06 19:16:27:553511][INFO ][http-nio-8090-exec-5][c.e.t.d.DateController.register] - /register...
""[2024-09-06 19:16:27:553513][DEBUG][http-nio-8090-exec-5][org.hibernate.SQL.logStatement] - 
    select
        ud1_0.num,
        ud1_0.age,
        ud1_0.department,
        ud1_0.file_path,
        ud1_0.form,
        ud1_0.gender,
        ud1_0.introduce,
        ud1_0.job,
        ud1_0.kakaoid,
        ud1_0.major,
        ud1_0.military,
        ud1_0.nickname,
        ud1_0.pw,
        ud1_0.realname,
        ud1_0.regdate,
        ud1_0.region,
        ud1_0.save_name,
        ud1_0.school,
        ud1_0.smoking,
        ud1_0.tall,
        ud1_0.tel,
        ud1_0.username 
    from
        users ud1_0 
    where
        ud1_0.num=?
""[2024-09-06 19:16:27:553547][INFO ][http-nio-8090-exec-5][c.e.t.u.UserInterceptor.postHandle] - postHandle()....
""[2024-09-06 19:16:27:553550][WARN ][http-nio-8090-exec-5][o.t.s.p.AbstractStandardFragmentInsertionTagProcessor.computeFragment] - [THYMELEAF][http-nio-8090-exec-5][thymeleaf/date/register] Deprecated unwrapped fragment expression "thymeleaf/th_top_menu :: test_top_menu" found in template thymeleaf/date/register, line 20, col 10. Please use the complete syntax of fragment expressions instead ("~{thymeleaf/th_top_menu :: test_top_menu}"). The old, unwrapped syntax for fragment expressions will be removed in future versions of Thymeleaf.
""[2024-09-06 19:17:04:589916][INFO ][http-nio-8090-exec-7][c.e.t.u.UserInterceptor.preHandle] - preHandler().....
""[2024-09-06 19:17:04:589917][INFO ][http-nio-8090-exec-7][c.e.t.u.UserInterceptor.preHandle] - sPath:/date/register
""[2024-09-06 19:17:04:589917][INFO ][http-nio-8090-exec-7][c.e.t.u.UserInterceptor.preHandle] - username:ajdskfhah12345
""[2024-09-06 19:17:04:589917][INFO ][http-nio-8090-exec-7][c.e.t.d.DateController.register] - /register...
""[2024-09-06 19:17:04:589920][DEBUG][http-nio-8090-exec-7][org.hibernate.SQL.logStatement] - 
    select
        ud1_0.num,
        ud1_0.age,
        ud1_0.department,
        ud1_0.file_path,
        ud1_0.form,
        ud1_0.gender,
        ud1_0.introduce,
        ud1_0.job,
        ud1_0.kakaoid,
        ud1_0.major,
        ud1_0.military,
        ud1_0.nickname,
        ud1_0.pw,
        ud1_0.realname,
        ud1_0.regdate,
        ud1_0.region,
        ud1_0.save_name,
        ud1_0.school,
        ud1_0.smoking,
        ud1_0.tall,
        ud1_0.tel,
        ud1_0.username 
    from
        users ud1_0 
    where
        ud1_0.num=?
""[2024-09-06 19:17:04:589947][INFO ][http-nio-8090-exec-7][c.e.t.u.UserInterceptor.postHandle] - postHandle()....
""[2024-09-06 19:17:04:589949][WARN ][http-nio-8090-exec-7][o.t.s.p.AbstractStandardFragmentInsertionTagProcessor.computeFragment] - [THYMELEAF][http-nio-8090-exec-7][thymeleaf/date/register] Deprecated unwrapped fragment expression "thymeleaf/th_top_menu :: test_top_menu" found in template thymeleaf/date/register, line 20, col 10. Please use the complete syntax of fragment expressions instead ("~{thymeleaf/th_top_menu :: test_top_menu}"). The old, unwrapped syntax for fragment expressions will be removed in future versions of Thymeleaf.
""[2024-09-06 19:17:07:593439][INFO ][http-nio-8090-exec-8][c.e.t.u.UserInterceptor.preHandle] - preHandler().....
""[2024-09-06 19:17:07:593439][INFO ][http-nio-8090-exec-8][c.e.t.u.UserInterceptor.preHandle] - sPath:/date/register
""[2024-09-06 19:17:07:593440][INFO ][http-nio-8090-exec-8][c.e.t.u.UserInterceptor.preHandle] - username:ajdskfhah12345
""[2024-09-06 19:17:07:593440][INFO ][http-nio-8090-exec-8][c.e.t.d.DateController.register] - /register...
""[2024-09-06 19:17:07:593442][DEBUG][http-nio-8090-exec-8][org.hibernate.SQL.logStatement] - 
    select
        ud1_0.num,
        ud1_0.age,
        ud1_0.department,
        ud1_0.file_path,
        ud1_0.form,
        ud1_0.gender,
        ud1_0.introduce,
        ud1_0.job,
        ud1_0.kakaoid,
        ud1_0.major,
        ud1_0.military,
        ud1_0.nickname,
        ud1_0.pw,
        ud1_0.realname,
        ud1_0.regdate,
        ud1_0.region,
        ud1_0.save_name,
        ud1_0.school,
        ud1_0.smoking,
        ud1_0.tall,
        ud1_0.tel,
        ud1_0.username 
    from
        users ud1_0 
    where
        ud1_0.num=?
""[2024-09-06 19:17:07:593469][INFO ][http-nio-8090-exec-8][c.e.t.u.UserInterceptor.postHandle] - postHandle()....
""[2024-09-06 19:17:07:593470][WARN ][http-nio-8090-exec-8][o.t.s.p.AbstractStandardFragmentInsertionTagProcessor.computeFragment] - [THYMELEAF][http-nio-8090-exec-8][thymeleaf/date/register] Deprecated unwrapped fragment expression "thymeleaf/th_top_menu :: test_top_menu" found in template thymeleaf/date/register, line 20, col 10. Please use the complete syntax of fragment expressions instead ("~{thymeleaf/th_top_menu :: test_top_menu}"). The old, unwrapped syntax for fragment expressions will be removed in future versions of Thymeleaf.
""[2024-09-06 19:18:14:660050][INFO ][http-nio-8090-exec-10][c.e.t.u.UserInterceptor.preHandle] - preHandler().....
""[2024-09-06 19:18:14:660051][INFO ][http-nio-8090-exec-10][c.e.t.u.UserInterceptor.preHandle] - sPath:/date/register
""[2024-09-06 19:18:14:660051][INFO ][http-nio-8090-exec-10][c.e.t.u.UserInterceptor.preHandle] - username:ajdskfhah12345
""[2024-09-06 19:18:14:660052][INFO ][http-nio-8090-exec-10][c.e.t.d.DateController.register] - /register...
""[2024-09-06 19:18:14:660054][DEBUG][http-nio-8090-exec-10][org.hibernate.SQL.logStatement] - 
    select
        ud1_0.num,
        ud1_0.age,
        ud1_0.department,
        ud1_0.file_path,
        ud1_0.form,
        ud1_0.gender,
        ud1_0.introduce,
        ud1_0.job,
        ud1_0.kakaoid,
        ud1_0.major,
        ud1_0.military,
        ud1_0.nickname,
        ud1_0.pw,
        ud1_0.realname,
        ud1_0.regdate,
        ud1_0.region,
        ud1_0.save_name,
        ud1_0.school,
        ud1_0.smoking,
        ud1_0.tall,
        ud1_0.tel,
        ud1_0.username 
    from
        users ud1_0 
    where
        ud1_0.num=?
""[2024-09-06 19:18:14:660082][INFO ][http-nio-8090-exec-10][c.e.t.u.UserInterceptor.postHandle] - postHandle()....
""[2024-09-06 19:18:14:660083][WARN ][http-nio-8090-exec-10][o.t.s.p.AbstractStandardFragmentInsertionTagProcessor.computeFragment] - [THYMELEAF][http-nio-8090-exec-10][thymeleaf/date/register] Deprecated unwrapped fragment expression "thymeleaf/th_top_menu :: test_top_menu" found in template thymeleaf/date/register, line 20, col 10. Please use the complete syntax of fragment expressions instead ("~{thymeleaf/th_top_menu :: test_top_menu}"). The old, unwrapped syntax for fragment expressions will be removed in future versions of Thymeleaf.
""[2024-09-06 19:18:16:662203][INFO ][http-nio-8090-exec-2][c.e.t.u.UserInterceptor.preHandle] - preHandler().....
""[2024-09-06 19:18:16:662203][INFO ][http-nio-8090-exec-2][c.e.t.u.UserInterceptor.preHandle] - sPath:/date/register
""[2024-09-06 19:18:16:662203][INFO ][http-nio-8090-exec-2][c.e.t.u.UserInterceptor.preHandle] - username:ajdskfhah12345
""[2024-09-06 19:18:16:662204][INFO ][http-nio-8090-exec-2][c.e.t.d.DateController.register] - /register...
""[2024-09-06 19:18:16:662207][DEBUG][http-nio-8090-exec-2][org.hibernate.SQL.logStatement] - 
    select
        ud1_0.num,
        ud1_0.age,
        ud1_0.department,
        ud1_0.file_path,
        ud1_0.form,
        ud1_0.gender,
        ud1_0.introduce,
        ud1_0.job,
        ud1_0.kakaoid,
        ud1_0.major,
        ud1_0.military,
        ud1_0.nickname,
        ud1_0.pw,
        ud1_0.realname,
        ud1_0.regdate,
        ud1_0.region,
        ud1_0.save_name,
        ud1_0.school,
        ud1_0.smoking,
        ud1_0.tall,
        ud1_0.tel,
        ud1_0.username 
    from
        users ud1_0 
    where
        ud1_0.num=?
""[2024-09-06 19:18:16:662235][INFO ][http-nio-8090-exec-2][c.e.t.u.UserInterceptor.postHandle] - postHandle()....
""[2024-09-06 19:18:16:662236][WARN ][http-nio-8090-exec-2][o.t.s.p.AbstractStandardFragmentInsertionTagProcessor.computeFragment] - [THYMELEAF][http-nio-8090-exec-2][thymeleaf/date/register] Deprecated unwrapped fragment expression "thymeleaf/th_top_menu :: test_top_menu" found in template thymeleaf/date/register, line 20, col 10. Please use the complete syntax of fragment expressions instead ("~{thymeleaf/th_top_menu :: test_top_menu}"). The old, unwrapped syntax for fragment expressions will be removed in future versions of Thymeleaf.
""[2024-09-06 19:18:18:664042][INFO ][http-nio-8090-exec-1][c.e.t.u.UserInterceptor.preHandle] - preHandler().....
""[2024-09-06 19:18:18:664043][INFO ][http-nio-8090-exec-1][c.e.t.u.UserInterceptor.preHandle] - sPath:/date
""[2024-09-06 19:18:18:664043][INFO ][http-nio-8090-exec-1][c.e.t.u.UserInterceptor.preHandle] - username:ajdskfhah12345
""[2024-09-06 19:18:18:664043][INFO ][http-nio-8090-exec-1][c.e.t.d.DateController.date] - /Date...
""[2024-09-06 19:18:18:664043][INFO ][http-nio-8090-exec-1][c.e.t.d.DateController.date] - username:ajdskfhah12345, gender:여
""[2024-09-06 19:18:18:664043][INFO ][http-nio-8090-exec-1][c.e.t.d.DateController.date] - vos :[UserDTO(num=14, realname=test, username=test, nickname=test, pw=$2a$10$MRpvpLYwGQYGxBZXtYz4wedsQu7nM3/7JgBWQbNF2hC/eDSV8VyiK, kakaoID=test, age=25, gender=남, school=대학교, tel=00011112222, introduce=, form=null, save_name=null, file_path=null, job=, region=, military=null, tall=null, department=, smoking=null, major=null, regdate=2024-09-03 16:38:17.519), UserDTO(num=1, realname=최세준, username=ajdskfhah1212, nickname=, pw=$2a$10$uuANpJrhcAq4AnTLPKsd7eiireXOA28axOtiV/nl3zW2l1VWJQepa, kakaoID=asd123, age=27, gender=남, school=한서대학교, tel=010-0000-0000, introduce=안녕하세요, form=마른, save_name=84e82842-dc1a-45f8-bf59-d2b7c2f632db.png, file_path=/uploadimg/84e82842-dc1a-45f8-bf59-d2b7c2f632db.png, job=null, region=null, military=null, tall=null, department=null, smoking=null, major=null, regdate=2024-07-30 21:16:24.334)]
""[2024-09-06 19:18:18:664043][INFO ][http-nio-8090-exec-1][c.e.t.u.UserInterceptor.postHandle] - postHandle()....
""[2024-09-06 19:18:18:664044][WARN ][http-nio-8090-exec-1][o.t.s.p.AbstractStandardFragmentInsertionTagProcessor.computeFragment] - [THYMELEAF][http-nio-8090-exec-1][thymeleaf/date/select] Deprecated unwrapped fragment expression "thymeleaf/th_top_menu :: test_top_menu" found in template thymeleaf/date/select, line 37, col 7. Please use the complete syntax of fragment expressions instead ("~{thymeleaf/th_top_menu :: test_top_menu}"). The old, unwrapped syntax for fragment expressions will be removed in future versions of Thymeleaf.
""[2024-09-06 19:18:18:664053][INFO ][http-nio-8090-exec-4][c.e.t.u.UserInterceptor.preHandle] - preHandler().....
""[2024-09-06 19:18:18:664054][INFO ][http-nio-8090-exec-4][c.e.t.u.UserInterceptor.preHandle] - sPath:/files/null
""[2024-09-06 19:18:18:664054][INFO ][http-nio-8090-exec-4][c.e.t.u.UserInterceptor.preHandle] - username:ajdskfhah12345
""[2024-09-06 19:18:18:664054][INFO ][http-nio-8090-exec-4][c.e.t.u.UserInterceptor.preHandle] - preHandler().....
""[2024-09-06 19:18:18:664054][INFO ][http-nio-8090-exec-4][c.e.t.u.UserInterceptor.preHandle] - sPath:/error
""[2024-09-06 19:18:18:664054][INFO ][http-nio-8090-exec-4][c.e.t.u.UserInterceptor.preHandle] - username:ajdskfhah12345
""[2024-09-06 19:18:18:664055][INFO ][http-nio-8090-exec-4][c.e.t.u.UserInterceptor.postHandle] - postHandle()....
""[2024-09-06 19:18:19:664626][INFO ][http-nio-8090-exec-3][c.e.t.u.UserInterceptor.preHandle] - preHandler().....
""[2024-09-06 19:18:19:664626][INFO ][http-nio-8090-exec-3][c.e.t.u.UserInterceptor.preHandle] - sPath:/date
""[2024-09-06 19:18:19:664626][INFO ][http-nio-8090-exec-3][c.e.t.u.UserInterceptor.preHandle] - username:ajdskfhah12345
""[2024-09-06 19:18:19:664626][INFO ][http-nio-8090-exec-3][c.e.t.d.DateController.date] - /Date...
""[2024-09-06 19:18:19:664626][INFO ][http-nio-8090-exec-3][c.e.t.d.DateController.date] - username:ajdskfhah12345, gender:여
""[2024-09-06 19:18:19:664627][INFO ][http-nio-8090-exec-3][c.e.t.d.DateController.date] - vos :[UserDTO(num=14, realname=test, username=test, nickname=test, pw=$2a$10$MRpvpLYwGQYGxBZXtYz4wedsQu7nM3/7JgBWQbNF2hC/eDSV8VyiK, kakaoID=test, age=25, gender=남, school=대학교, tel=00011112222, introduce=, form=null, save_name=null, file_path=null, job=, region=, military=null, tall=null, department=, smoking=null, major=null, regdate=2024-09-03 16:38:17.519), UserDTO(num=1, realname=최세준, username=ajdskfhah1212, nickname=, pw=$2a$10$uuANpJrhcAq4AnTLPKsd7eiireXOA28axOtiV/nl3zW2l1VWJQepa, kakaoID=asd123, age=27, gender=남, school=한서대학교, tel=010-0000-0000, introduce=안녕하세요, form=마른, save_name=84e82842-dc1a-45f8-bf59-d2b7c2f632db.png, file_path=/uploadimg/84e82842-dc1a-45f8-bf59-d2b7c2f632db.png, job=null, region=null, military=null, tall=null, department=null, smoking=null, major=null, regdate=2024-07-30 21:16:24.334)]
""[2024-09-06 19:18:19:664627][INFO ][http-nio-8090-exec-3][c.e.t.u.UserInterceptor.postHandle] - postHandle()....
""[2024-09-06 19:18:19:664628][WARN ][http-nio-8090-exec-3][o.t.s.p.AbstractStandardFragmentInsertionTagProcessor.computeFragment] - [THYMELEAF][http-nio-8090-exec-3][thymeleaf/date/select] Deprecated unwrapped fragment expression "thymeleaf/th_top_menu :: test_top_menu" found in template thymeleaf/date/select, line 37, col 7. Please use the complete syntax of fragment expressions instead ("~{thymeleaf/th_top_menu :: test_top_menu}"). The old, unwrapped syntax for fragment expressions will be removed in future versions of Thymeleaf.
""[2024-09-06 19:18:19:664637][INFO ][http-nio-8090-exec-6][c.e.t.u.UserInterceptor.preHandle] - preHandler().....
""[2024-09-06 19:18:19:664637][INFO ][http-nio-8090-exec-6][c.e.t.u.UserInterceptor.preHandle] - sPath:/files/null
""[2024-09-06 19:18:19:664638][INFO ][http-nio-8090-exec-6][c.e.t.u.UserInterceptor.preHandle] - username:ajdskfhah12345
""[2024-09-06 19:18:19:664639][INFO ][http-nio-8090-exec-6][c.e.t.u.UserInterceptor.preHandle] - preHandler().....
""[2024-09-06 19:18:19:664639][INFO ][http-nio-8090-exec-6][c.e.t.u.UserInterceptor.preHandle] - sPath:/error
""[2024-09-06 19:18:19:664639][INFO ][http-nio-8090-exec-6][c.e.t.u.UserInterceptor.preHandle] - username:ajdskfhah12345
""[2024-09-06 19:18:19:664639][INFO ][http-nio-8090-exec-6][c.e.t.u.UserInterceptor.postHandle] - postHandle()....
""[2024-09-06 19:18:19:665035][INFO ][http-nio-8090-exec-5][c.e.t.u.UserInterceptor.preHandle] - preHandler().....
""[2024-09-06 19:18:19:665035][INFO ][http-nio-8090-exec-5][c.e.t.u.UserInterceptor.preHandle] - sPath:/date
""[2024-09-06 19:18:19:665035][INFO ][http-nio-8090-exec-5][c.e.t.u.UserInterceptor.preHandle] - username:ajdskfhah12345
""[2024-09-06 19:18:19:665036][INFO ][http-nio-8090-exec-5][c.e.t.d.DateController.date] - /Date...
""[2024-09-06 19:18:19:665036][INFO ][http-nio-8090-exec-5][c.e.t.d.DateController.date] - username:ajdskfhah12345, gender:여
""[2024-09-06 19:18:19:665036][INFO ][http-nio-8090-exec-5][c.e.t.d.DateController.date] - vos :[UserDTO(num=14, realname=test, username=test, nickname=test, pw=$2a$10$MRpvpLYwGQYGxBZXtYz4wedsQu7nM3/7JgBWQbNF2hC/eDSV8VyiK, kakaoID=test, age=25, gender=남, school=대학교, tel=00011112222, introduce=, form=null, save_name=null, file_path=null, job=, region=, military=null, tall=null, department=, smoking=null, major=null, regdate=2024-09-03 16:38:17.519), UserDTO(num=1, realname=최세준, username=ajdskfhah1212, nickname=, pw=$2a$10$uuANpJrhcAq4AnTLPKsd7eiireXOA28axOtiV/nl3zW2l1VWJQepa, kakaoID=asd123, age=27, gender=남, school=한서대학교, tel=010-0000-0000, introduce=안녕하세요, form=마른, save_name=84e82842-dc1a-45f8-bf59-d2b7c2f632db.png, file_path=/uploadimg/84e82842-dc1a-45f8-bf59-d2b7c2f632db.png, job=null, region=null, military=null, tall=null, department=null, smoking=null, major=null, regdate=2024-07-30 21:16:24.334)]
""[2024-09-06 19:18:19:665036][INFO ][http-nio-8090-exec-5][c.e.t.u.UserInterceptor.postHandle] - postHandle()....
""[2024-09-06 19:18:19:665038][WARN ][http-nio-8090-exec-5][o.t.s.p.AbstractStandardFragmentInsertionTagProcessor.computeFragment] - [THYMELEAF][http-nio-8090-exec-5][thymeleaf/date/select] Deprecated unwrapped fragment expression "thymeleaf/th_top_menu :: test_top_menu" found in template thymeleaf/date/select, line 37, col 7. Please use the complete syntax of fragment expressions instead ("~{thymeleaf/th_top_menu :: test_top_menu}"). The old, unwrapped syntax for fragment expressions will be removed in future versions of Thymeleaf.
""[2024-09-06 19:18:19:665047][INFO ][http-nio-8090-exec-7][c.e.t.u.UserInterceptor.preHandle] - preHandler().....
""[2024-09-06 19:18:19:665048][INFO ][http-nio-8090-exec-7][c.e.t.u.UserInterceptor.preHandle] - sPath:/files/null
""[2024-09-06 19:18:19:665048][INFO ][http-nio-8090-exec-7][c.e.t.u.UserInterceptor.preHandle] - username:ajdskfhah12345
""[2024-09-06 19:18:19:665048][INFO ][http-nio-8090-exec-7][c.e.t.u.UserInterceptor.preHandle] - preHandler().....
""[2024-09-06 19:18:19:665049][INFO ][http-nio-8090-exec-7][c.e.t.u.UserInterceptor.preHandle] - sPath:/error
""[2024-09-06 19:18:19:665049][INFO ][http-nio-8090-exec-7][c.e.t.u.UserInterceptor.preHandle] - username:ajdskfhah12345
""[2024-09-06 19:18:19:665050][INFO ][http-nio-8090-exec-7][c.e.t.u.UserInterceptor.postHandle] - postHandle()....
""[2024-09-06 19:18:22:668001][INFO ][http-nio-8090-exec-8][c.e.t.u.UserInterceptor.preHandle] - preHandler().....
""[2024-09-06 19:18:22:668001][INFO ][http-nio-8090-exec-8][c.e.t.u.UserInterceptor.preHandle] - sPath:/date/selectOne
""[2024-09-06 19:18:22:668001][INFO ][http-nio-8090-exec-8][c.e.t.u.UserInterceptor.preHandle] - username:ajdskfhah12345
""[2024-09-06 19:18:22:668001][INFO ][http-nio-8090-exec-8][c.e.t.d.DateController.dateOne] - /Date/selectOne...
""[2024-09-06 19:18:22:668001][INFO ][http-nio-8090-exec-8][c.e.t.d.DateController.dateOne] - num:2
""[2024-09-06 19:18:22:668004][DEBUG][http-nio-8090-exec-8][org.hibernate.SQL.logStatement] - 
    select
        dd1_0.num,
        dd1_0.accept,
        dd1_0.applicant_nickname,
        dd1_0.applicant_num,
        dd1_0.applicant_real_name,
        dd1_0.receiver_nickname,
        dd1_0.receiver_num,
        dd1_0.receiver_real_name,
        dd1_0.regdate 
    from
        date dd1_0 
    where
        dd1_0.applicant_num=?
""[2024-09-06 19:18:22:668038][INFO ][http-nio-8090-exec-8][c.e.t.u.UserInterceptor.postHandle] - postHandle()....
""[2024-09-06 19:18:22:668053][WARN ][http-nio-8090-exec-8][o.t.s.p.AbstractStandardFragmentInsertionTagProcessor.computeFragment] - [THYMELEAF][http-nio-8090-exec-8][thymeleaf/date/selectOne] Deprecated unwrapped fragment expression "thymeleaf/th_top_menu :: test_top_menu" found in template thymeleaf/date/selectOne, line 33, col 7. Please use the complete syntax of fragment expressions instead ("~{thymeleaf/th_top_menu :: test_top_menu}"). The old, unwrapped syntax for fragment expressions will be removed in future versions of Thymeleaf.
""[2024-09-06 19:18:25:671362][INFO ][http-nio-8090-exec-9][c.e.t.u.UserInterceptor.preHandle] - preHandler().....
""[2024-09-06 19:18:25:671362][INFO ][http-nio-8090-exec-9][c.e.t.u.UserInterceptor.preHandle] - sPath:/date/dateReceiveOne
""[2024-09-06 19:18:25:671363][INFO ][http-nio-8090-exec-9][c.e.t.u.UserInterceptor.preHandle] - username:ajdskfhah12345
""[2024-09-06 19:18:25:671363][INFO ][http-nio-8090-exec-9][c.e.t.d.DateController.dateReceiveOne] - num:2
""[2024-09-06 19:18:25:671364][INFO ][http-nio-8090-exec-9][c.e.t.d.DateService.selectOneReceiver] - num[2]
""[2024-09-06 19:18:25:671370][DEBUG][http-nio-8090-exec-9][org.hibernate.SQL.logStatement] - 
    select
        dd1_0.num,
        dd1_0.accept,
        dd1_0.applicant_nickname,
        dd1_0.applicant_num,
        dd1_0.applicant_real_name,
        dd1_0.receiver_nickname,
        dd1_0.receiver_num,
        dd1_0.receiver_real_name,
        dd1_0.regdate 
    from
        date dd1_0 
    where
        dd1_0.receiver_num=?
""[2024-09-06 19:18:25:671398][INFO ][http-nio-8090-exec-9][c.e.t.u.UserInterceptor.postHandle] - postHandle()....
""[2024-09-06 19:18:25:671402][WARN ][http-nio-8090-exec-9][o.t.s.p.AbstractStandardFragmentInsertionTagProcessor.computeFragment] - [THYMELEAF][http-nio-8090-exec-9][thymeleaf/date/dateReceiveOne] Deprecated unwrapped fragment expression "thymeleaf/th_top_menu :: test_top_menu" found in template thymeleaf/date/dateReceiveOne, line 33, col 6. Please use the complete syntax of fragment expressions instead ("~{thymeleaf/th_top_menu :: test_top_menu}"). The old, unwrapped syntax for fragment expressions will be removed in future versions of Thymeleaf.
""[2024-09-06 19:18:27:672708][WARN ][http-nio-8090-exec-10][o.s.w.s.m.s.DefaultHandlerExceptionResolver.logException] - Resolved [org.springframework.web.HttpRequestMethodNotSupportedException: Request method 'GET' is not supported]
""[2024-09-06 19:18:27:672709][INFO ][http-nio-8090-exec-10][c.e.t.u.UserInterceptor.preHandle] - preHandler().....
""[2024-09-06 19:18:27:672709][INFO ][http-nio-8090-exec-10][c.e.t.u.UserInterceptor.preHandle] - sPath:/error
""[2024-09-06 19:18:27:672709][INFO ][http-nio-8090-exec-10][c.e.t.u.UserInterceptor.preHandle] - username:ajdskfhah12345
""[2024-09-06 19:18:27:672713][INFO ][http-nio-8090-exec-10][c.e.t.u.UserInterceptor.postHandle] - postHandle()....
""[2024-09-06 19:18:30:675930][INFO ][http-nio-8090-exec-2][c.e.t.u.UserInterceptor.preHandle] - preHandler().....
""[2024-09-06 19:18:30:675930][INFO ][http-nio-8090-exec-2][c.e.t.u.UserInterceptor.preHandle] - sPath:/date/register
""[2024-09-06 19:18:30:675931][INFO ][http-nio-8090-exec-2][c.e.t.u.UserInterceptor.preHandle] - username:ajdskfhah12345
""[2024-09-06 19:18:30:675931][INFO ][http-nio-8090-exec-2][c.e.t.d.DateController.register] - /register...
""[2024-09-06 19:18:30:675933][DEBUG][http-nio-8090-exec-2][org.hibernate.SQL.logStatement] - 
    select
        ud1_0.num,
        ud1_0.age,
        ud1_0.department,
        ud1_0.file_path,
        ud1_0.form,
        ud1_0.gender,
        ud1_0.introduce,
        ud1_0.job,
        ud1_0.kakaoid,
        ud1_0.major,
        ud1_0.military,
        ud1_0.nickname,
        ud1_0.pw,
        ud1_0.realname,
        ud1_0.regdate,
        ud1_0.region,
        ud1_0.save_name,
        ud1_0.school,
        ud1_0.smoking,
        ud1_0.tall,
        ud1_0.tel,
        ud1_0.username 
    from
        users ud1_0 
    where
        ud1_0.num=?
""[2024-09-06 19:18:30:675960][INFO ][http-nio-8090-exec-2][c.e.t.u.UserInterceptor.postHandle] - postHandle()....
""[2024-09-06 19:18:30:675961][WARN ][http-nio-8090-exec-2][o.t.s.p.AbstractStandardFragmentInsertionTagProcessor.computeFragment] - [THYMELEAF][http-nio-8090-exec-2][thymeleaf/date/register] Deprecated unwrapped fragment expression "thymeleaf/th_top_menu :: test_top_menu" found in template thymeleaf/date/register, line 20, col 10. Please use the complete syntax of fragment expressions instead ("~{thymeleaf/th_top_menu :: test_top_menu}"). The old, unwrapped syntax for fragment expressions will be removed in future versions of Thymeleaf.
""[2024-09-06 19:18:33:678939][INFO ][http-nio-8090-exec-1][c.e.t.u.UserInterceptor.preHandle] - preHandler().....
""[2024-09-06 19:18:33:678939][INFO ][http-nio-8090-exec-1][c.e.t.u.UserInterceptor.preHandle] - sPath:/date/register
""[2024-09-06 19:18:33:678939][INFO ][http-nio-8090-exec-1][c.e.t.u.UserInterceptor.preHandle] - username:ajdskfhah12345
""[2024-09-06 19:18:33:678939][INFO ][http-nio-8090-exec-1][c.e.t.d.DateController.register] - /register...
""[2024-09-06 19:18:33:678941][DEBUG][http-nio-8090-exec-1][org.hibernate.SQL.logStatement] - 
    select
        ud1_0.num,
        ud1_0.age,
        ud1_0.department,
        ud1_0.file_path,
        ud1_0.form,
        ud1_0.gender,
        ud1_0.introduce,
        ud1_0.job,
        ud1_0.kakaoid,
        ud1_0.major,
        ud1_0.military,
        ud1_0.nickname,
        ud1_0.pw,
        ud1_0.realname,
        ud1_0.regdate,
        ud1_0.region,
        ud1_0.save_name,
        ud1_0.school,
        ud1_0.smoking,
        ud1_0.tall,
        ud1_0.tel,
        ud1_0.username 
    from
        users ud1_0 
    where
        ud1_0.num=?
""[2024-09-06 19:18:33:678969][INFO ][http-nio-8090-exec-1][c.e.t.u.UserInterceptor.postHandle] - postHandle()....
""[2024-09-06 19:18:33:678971][WARN ][http-nio-8090-exec-1][o.t.s.p.AbstractStandardFragmentInsertionTagProcessor.computeFragment] - [THYMELEAF][http-nio-8090-exec-1][thymeleaf/date/register] Deprecated unwrapped fragment expression "thymeleaf/th_top_menu :: test_top_menu" found in template thymeleaf/date/register, line 20, col 10. Please use the complete syntax of fragment expressions instead ("~{thymeleaf/th_top_menu :: test_top_menu}"). The old, unwrapped syntax for fragment expressions will be removed in future versions of Thymeleaf.
""[2024-09-06 19:18:36:682236][INFO ][http-nio-8090-exec-4][c.e.t.u.UserInterceptor.preHandle] - preHandler().....
""[2024-09-06 19:18:36:682236][INFO ][http-nio-8090-exec-4][c.e.t.u.UserInterceptor.preHandle] - sPath:/date/register
""[2024-09-06 19:18:36:682236][INFO ][http-nio-8090-exec-4][c.e.t.u.UserInterceptor.preHandle] - username:ajdskfhah12345
""[2024-09-06 19:18:36:682238][INFO ][http-nio-8090-exec-4][c.e.t.d.DateController.register] - /register...
""[2024-09-06 19:18:36:682240][DEBUG][http-nio-8090-exec-4][org.hibernate.SQL.logStatement] - 
    select
        ud1_0.num,
        ud1_0.age,
        ud1_0.department,
        ud1_0.file_path,
        ud1_0.form,
        ud1_0.gender,
        ud1_0.introduce,
        ud1_0.job,
        ud1_0.kakaoid,
        ud1_0.major,
        ud1_0.military,
        ud1_0.nickname,
        ud1_0.pw,
        ud1_0.realname,
        ud1_0.regdate,
        ud1_0.region,
        ud1_0.save_name,
        ud1_0.school,
        ud1_0.smoking,
        ud1_0.tall,
        ud1_0.tel,
        ud1_0.username 
    from
        users ud1_0 
    where
        ud1_0.num=?
""[2024-09-06 19:18:36:682267][INFO ][http-nio-8090-exec-4][c.e.t.u.UserInterceptor.postHandle] - postHandle()....
""[2024-09-06 19:18:36:682269][WARN ][http-nio-8090-exec-4][o.t.s.p.AbstractStandardFragmentInsertionTagProcessor.computeFragment] - [THYMELEAF][http-nio-8090-exec-4][thymeleaf/date/register] Deprecated unwrapped fragment expression "thymeleaf/th_top_menu :: test_top_menu" found in template thymeleaf/date/register, line 20, col 10. Please use the complete syntax of fragment expressions instead ("~{thymeleaf/th_top_menu :: test_top_menu}"). The old, unwrapped syntax for fragment expressions will be removed in future versions of Thymeleaf.
"